2022-01-31 10:28:41 [INFO ] main StartupInfoLogger.java:55 com.wzy.loan.core.ServiceCoreApplication Starting ServiceCoreApplication on DESKTOP-ST9KEV1 with PID 13100 (D:\workspace\loanProject\service-core\target\classes started by wzy家 in D:\workspace\loanProject)
2022-01-31 10:28:41 [INFO ] main SpringApplication.java:655 com.wzy.loan.core.ServiceCoreApplication The following profiles are active: dev
2022-01-31 10:28:48 [INFO ] main StartupInfoLogger.java:61 com.wzy.loan.core.ServiceCoreApplication Started ServiceCoreApplication in 8.56 seconds (JVM running for 12.398)
2022-01-31 13:29:47 [INFO ] http-nio-8110-exec-7 DictListener.java:59 com.wzy.loan.core.easyExcel.DictListener 5条数据，开始存储数据库！
2022-01-31 13:29:47 [INFO ] http-nio-8110-exec-7 DictListener.java:61 com.wzy.loan.core.easyExcel.DictListener 存储数据库成功！
2022-01-31 13:29:47 [INFO ] http-nio-8110-exec-7 DictListener.java:59 com.wzy.loan.core.easyExcel.DictListener 5条数据，开始存储数据库！
2022-01-31 13:29:47 [INFO ] http-nio-8110-exec-7 DictListener.java:61 com.wzy.loan.core.easyExcel.DictListener 存储数据库成功！
2022-01-31 13:29:47 [INFO ] http-nio-8110-exec-7 DictListener.java:59 com.wzy.loan.core.easyExcel.DictListener 5条数据，开始存储数据库！
2022-01-31 13:29:47 [INFO ] http-nio-8110-exec-7 DictListener.java:61 com.wzy.loan.core.easyExcel.DictListener 存储数据库成功！
2022-01-31 13:29:47 [INFO ] http-nio-8110-exec-7 DictListener.java:59 com.wzy.loan.core.easyExcel.DictListener 5条数据，开始存储数据库！
2022-01-31 13:29:47 [INFO ] http-nio-8110-exec-7 DictListener.java:61 com.wzy.loan.core.easyExcel.DictListener 存储数据库成功！
2022-01-31 13:29:47 [INFO ] http-nio-8110-exec-7 DictListener.java:59 com.wzy.loan.core.easyExcel.DictListener 5条数据，开始存储数据库！
2022-01-31 13:29:47 [INFO ] http-nio-8110-exec-7 DictListener.java:61 com.wzy.loan.core.easyExcel.DictListener 存储数据库成功！
2022-01-31 13:29:47 [INFO ] http-nio-8110-exec-7 DictListener.java:59 com.wzy.loan.core.easyExcel.DictListener 5条数据，开始存储数据库！
2022-01-31 13:29:47 [INFO ] http-nio-8110-exec-7 DictListener.java:61 com.wzy.loan.core.easyExcel.DictListener 存储数据库成功！
2022-01-31 13:29:47 [INFO ] http-nio-8110-exec-7 DictListener.java:59 com.wzy.loan.core.easyExcel.DictListener 5条数据，开始存储数据库！
2022-01-31 13:29:47 [INFO ] http-nio-8110-exec-7 DictListener.java:61 com.wzy.loan.core.easyExcel.DictListener 存储数据库成功！
2022-01-31 13:29:47 [INFO ] http-nio-8110-exec-7 DictListener.java:59 com.wzy.loan.core.easyExcel.DictListener 5条数据，开始存储数据库！
2022-01-31 13:29:47 [INFO ] http-nio-8110-exec-7 DictListener.java:61 com.wzy.loan.core.easyExcel.DictListener 存储数据库成功！
2022-01-31 13:29:47 [INFO ] http-nio-8110-exec-7 DictListener.java:59 com.wzy.loan.core.easyExcel.DictListener 5条数据，开始存储数据库！
2022-01-31 13:29:47 [INFO ] http-nio-8110-exec-7 DictListener.java:61 com.wzy.loan.core.easyExcel.DictListener 存储数据库成功！
2022-01-31 13:29:47 [INFO ] http-nio-8110-exec-7 DictListener.java:59 com.wzy.loan.core.easyExcel.DictListener 5条数据，开始存储数据库！
2022-01-31 13:29:47 [INFO ] http-nio-8110-exec-7 DictListener.java:61 com.wzy.loan.core.easyExcel.DictListener 存储数据库成功！
2022-01-31 13:29:47 [INFO ] http-nio-8110-exec-7 DictListener.java:59 com.wzy.loan.core.easyExcel.DictListener 4条数据，开始存储数据库！
2022-01-31 13:29:47 [INFO ] http-nio-8110-exec-7 DictListener.java:61 com.wzy.loan.core.easyExcel.DictListener 存储数据库成功！
2022-01-31 13:29:47 [INFO ] http-nio-8110-exec-7 DictListener.java:54 com.wzy.loan.core.easyExcel.DictListener 存储数据库完成！
2022-01-31 13:30:37 [INFO ] http-nio-8110-exec-8 DictListener.java:59 com.wzy.loan.core.easyExcel.DictListener 5条数据，开始存储数据库！
2022-01-31 13:30:37 [INFO ] http-nio-8110-exec-8 DictListener.java:61 com.wzy.loan.core.easyExcel.DictListener 存储数据库成功！
2022-01-31 13:30:37 [INFO ] http-nio-8110-exec-8 DictListener.java:59 com.wzy.loan.core.easyExcel.DictListener 5条数据，开始存储数据库！
2022-01-31 13:30:37 [INFO ] http-nio-8110-exec-8 DictListener.java:61 com.wzy.loan.core.easyExcel.DictListener 存储数据库成功！
2022-01-31 13:30:37 [INFO ] http-nio-8110-exec-8 DictListener.java:59 com.wzy.loan.core.easyExcel.DictListener 5条数据，开始存储数据库！
2022-01-31 13:30:37 [INFO ] http-nio-8110-exec-8 DictListener.java:61 com.wzy.loan.core.easyExcel.DictListener 存储数据库成功！
2022-01-31 13:30:37 [INFO ] http-nio-8110-exec-8 DictListener.java:59 com.wzy.loan.core.easyExcel.DictListener 5条数据，开始存储数据库！
2022-01-31 13:30:37 [INFO ] http-nio-8110-exec-8 DictListener.java:61 com.wzy.loan.core.easyExcel.DictListener 存储数据库成功！
2022-01-31 13:30:37 [INFO ] http-nio-8110-exec-8 DictListener.java:59 com.wzy.loan.core.easyExcel.DictListener 5条数据，开始存储数据库！
2022-01-31 13:30:37 [INFO ] http-nio-8110-exec-8 DictListener.java:61 com.wzy.loan.core.easyExcel.DictListener 存储数据库成功！
2022-01-31 13:30:37 [INFO ] http-nio-8110-exec-8 DictListener.java:59 com.wzy.loan.core.easyExcel.DictListener 5条数据，开始存储数据库！
2022-01-31 13:30:37 [INFO ] http-nio-8110-exec-8 DictListener.java:61 com.wzy.loan.core.easyExcel.DictListener 存储数据库成功！
2022-01-31 13:30:37 [INFO ] http-nio-8110-exec-8 DictListener.java:59 com.wzy.loan.core.easyExcel.DictListener 5条数据，开始存储数据库！
2022-01-31 13:30:37 [INFO ] http-nio-8110-exec-8 DictListener.java:61 com.wzy.loan.core.easyExcel.DictListener 存储数据库成功！
2022-01-31 13:30:37 [INFO ] http-nio-8110-exec-8 DictListener.java:59 com.wzy.loan.core.easyExcel.DictListener 5条数据，开始存储数据库！
2022-01-31 13:30:37 [INFO ] http-nio-8110-exec-8 DictListener.java:61 com.wzy.loan.core.easyExcel.DictListener 存储数据库成功！
2022-01-31 13:30:37 [INFO ] http-nio-8110-exec-8 DictListener.java:59 com.wzy.loan.core.easyExcel.DictListener 5条数据，开始存储数据库！
2022-01-31 13:30:37 [INFO ] http-nio-8110-exec-8 DictListener.java:61 com.wzy.loan.core.easyExcel.DictListener 存储数据库成功！
2022-01-31 13:30:37 [INFO ] http-nio-8110-exec-8 DictListener.java:59 com.wzy.loan.core.easyExcel.DictListener 5条数据，开始存储数据库！
2022-01-31 13:30:37 [INFO ] http-nio-8110-exec-8 DictListener.java:61 com.wzy.loan.core.easyExcel.DictListener 存储数据库成功！
2022-01-31 13:30:37 [INFO ] http-nio-8110-exec-8 DictListener.java:59 com.wzy.loan.core.easyExcel.DictListener 4条数据，开始存储数据库！
2022-01-31 13:30:37 [INFO ] http-nio-8110-exec-8 DictListener.java:61 com.wzy.loan.core.easyExcel.DictListener 存储数据库成功！
2022-01-31 13:30:37 [INFO ] http-nio-8110-exec-8 DictListener.java:54 com.wzy.loan.core.easyExcel.DictListener 存储数据库完成！
2022-01-31 13:31:31 [INFO ] http-nio-8110-exec-9 DictListener.java:59 com.wzy.loan.core.easyExcel.DictListener 5条数据，开始存储数据库！
2022-01-31 13:31:31 [ERROR] http-nio-8110-exec-9 UnifiedExceptionalHandler.java:50 com.wzy.common.exception.UnifiedExceptionalHandler 文件上传错误
com.wzy.common.exception.BusinessException: 文件上传错误
	at com.wzy.loan.core.controller.admin.AdminDictController.batchImport(AdminDictController.java:52)
	at sun.reflect.NativeMethodAccessorImpl.invoke0(Native Method)
	at sun.reflect.NativeMethodAccessorImpl.invoke(NativeMethodAccessorImpl.java:62)
	at sun.reflect.DelegatingMethodAccessorImpl.invoke(DelegatingMethodAccessorImpl.java:43)
	at java.lang.reflect.Method.invoke(Method.java:498)
	at org.springframework.web.method.support.InvocableHandlerMethod.doInvoke(InvocableHandlerMethod.java:190)
	at org.springframework.web.method.support.InvocableHandlerMethod.invokeForRequest(InvocableHandlerMethod.java:138)
	at org.springframework.web.servlet.mvc.method.annotation.ServletInvocableHandlerMethod.invokeAndHandle(ServletInvocableHandlerMethod.java:105)
	at org.springframework.web.servlet.mvc.method.annotation.RequestMappingHandlerAdapter.invokeHandlerMethod(RequestMappingHandlerAdapter.java:878)
	at org.springframework.web.servlet.mvc.method.annotation.RequestMappingHandlerAdapter.handleInternal(RequestMappingHandlerAdapter.java:792)
	at org.springframework.web.servlet.mvc.method.AbstractHandlerMethodAdapter.handle(AbstractHandlerMethodAdapter.java:87)
	at org.springframework.web.servlet.DispatcherServlet.doDispatch(DispatcherServlet.java:1040)
	at org.springframework.web.servlet.DispatcherServlet.doService(DispatcherServlet.java:943)
	at org.springframework.web.servlet.FrameworkServlet.processRequest(FrameworkServlet.java:1006)
	at org.springframework.web.servlet.FrameworkServlet.doPost(FrameworkServlet.java:909)
	at javax.servlet.http.HttpServlet.service(HttpServlet.java:652)
	at org.springframework.web.servlet.FrameworkServlet.service(FrameworkServlet.java:883)
	at javax.servlet.http.HttpServlet.service(HttpServlet.java:733)
	at org.apache.catalina.core.ApplicationFilterChain.internalDoFilter(ApplicationFilterChain.java:231)
	at org.apache.catalina.core.ApplicationFilterChain.doFilter(ApplicationFilterChain.java:166)
	at org.apache.tomcat.websocket.server.WsFilter.doFilter(WsFilter.java:53)
	at org.apache.catalina.core.ApplicationFilterChain.internalDoFilter(ApplicationFilterChain.java:193)
	at org.apache.catalina.core.ApplicationFilterChain.doFilter(ApplicationFilterChain.java:166)
	at org.springframework.web.filter.RequestContextFilter.doFilterInternal(RequestContextFilter.java:100)
	at org.springframework.web.filter.OncePerRequestFilter.doFilter(OncePerRequestFilter.java:119)
	at org.apache.catalina.core.ApplicationFilterChain.internalDoFilter(ApplicationFilterChain.java:193)
	at org.apache.catalina.core.ApplicationFilterChain.doFilter(ApplicationFilterChain.java:166)
	at org.springframework.web.filter.FormContentFilter.doFilterInternal(FormContentFilter.java:93)
	at org.springframework.web.filter.OncePerRequestFilter.doFilter(OncePerRequestFilter.java:119)
	at org.apache.catalina.core.ApplicationFilterChain.internalDoFilter(ApplicationFilterChain.java:193)
	at org.apache.catalina.core.ApplicationFilterChain.doFilter(ApplicationFilterChain.java:166)
	at org.springframework.web.filter.CharacterEncodingFilter.doFilterInternal(CharacterEncodingFilter.java:201)
	at org.springframework.web.filter.OncePerRequestFilter.doFilter(OncePerRequestFilter.java:119)
	at org.apache.catalina.core.ApplicationFilterChain.internalDoFilter(ApplicationFilterChain.java:193)
	at org.apache.catalina.core.ApplicationFilterChain.doFilter(ApplicationFilterChain.java:166)
	at org.apache.catalina.core.StandardWrapperValve.invoke(StandardWrapperValve.java:202)
	at org.apache.catalina.core.StandardContextValve.invoke(StandardContextValve.java:97)
	at org.apache.catalina.authenticator.AuthenticatorBase.invoke(AuthenticatorBase.java:541)
	at org.apache.catalina.core.StandardHostValve.invoke(StandardHostValve.java:143)
	at org.apache.catalina.valves.ErrorReportValve.invoke(ErrorReportValve.java:92)
	at org.apache.catalina.core.StandardEngineValve.invoke(StandardEngineValve.java:78)
	at org.apache.catalina.connector.CoyoteAdapter.service(CoyoteAdapter.java:343)
	at org.apache.coyote.http11.Http11Processor.service(Http11Processor.java:374)
	at org.apache.coyote.AbstractProcessorLight.process(AbstractProcessorLight.java:65)
	at org.apache.coyote.AbstractProtocol$ConnectionHandler.process(AbstractProtocol.java:868)
	at org.apache.tomcat.util.net.NioEndpoint$SocketProcessor.doRun(NioEndpoint.java:1590)
	at org.apache.tomcat.util.net.SocketProcessorBase.run(SocketProcessorBase.java:49)
	at java.util.concurrent.ThreadPoolExecutor.runWorker(ThreadPoolExecutor.java:1149)
	at java.util.concurrent.ThreadPoolExecutor$Worker.run(ThreadPoolExecutor.java:624)
	at org.apache.tomcat.util.threads.TaskThread$WrappingRunnable.run(TaskThread.java:61)
	at java.lang.Thread.run(Thread.java:748)
Caused by: org.springframework.dao.DuplicateKeyException: 
### Error updating database.  Cause: java.sql.SQLIntegrityConstraintViolationException: Duplicate entry '1' for key 'dict.PRIMARY'
### The error may exist in file [D:\workspace\loanProject\service-core\target\classes\com\wzy\loan\mapper\xml\DictMapper.xml]
### The error may involve defaultParameterMap
### The error occurred while setting parameters
### SQL: insert into dict(id,parent_id,name,value,dict_code)         values                        (             ?,             ?,             ?,             ?,             ?             )          ,              (             ?,             ?,             ?,             ?,             ?             )          ,              (             ?,             ?,             ?,             ?,             ?             )          ,              (             ?,             ?,             ?,             ?,             ?             )          ,              (             ?,             ?,             ?,             ?,             ?             )
### Cause: java.sql.SQLIntegrityConstraintViolationException: Duplicate entry '1' for key 'dict.PRIMARY'
; Duplicate entry '1' for key 'dict.PRIMARY'; nested exception is java.sql.SQLIntegrityConstraintViolationException: Duplicate entry '1' for key 'dict.PRIMARY'
	at org.springframework.jdbc.support.SQLErrorCodeSQLExceptionTranslator.doTranslate(SQLErrorCodeSQLExceptionTranslator.java:247)
	at org.springframework.jdbc.support.AbstractFallbackSQLExceptionTranslator.translate(AbstractFallbackSQLExceptionTranslator.java:72)
	at org.mybatis.spring.MyBatisExceptionTranslator.translateExceptionIfPossible(MyBatisExceptionTranslator.java:88)
	at org.mybatis.spring.SqlSessionTemplate$SqlSessionInterceptor.invoke(SqlSessionTemplate.java:440)
	at com.sun.proxy.$Proxy74.insert(Unknown Source)
	at org.mybatis.spring.SqlSessionTemplate.insert(SqlSessionTemplate.java:271)
	at com.baomidou.mybatisplus.core.override.MybatisMapperMethod.execute(MybatisMapperMethod.java:60)
	at com.baomidou.mybatisplus.core.override.MybatisMapperProxy$PlainMethodInvoker.invoke(MybatisMapperProxy.java:148)
	at com.baomidou.mybatisplus.core.override.MybatisMapperProxy.invoke(MybatisMapperProxy.java:89)
	at com.sun.proxy.$Proxy75.insertBatch(Unknown Source)
	at com.wzy.loan.core.easyExcel.DictListener.saveData(DictListener.java:60)
	at com.wzy.loan.core.easyExcel.DictListener.invoke(DictListener.java:43)
	at com.wzy.loan.core.easyExcel.DictListener.invoke(DictListener.java:21)
	at com.alibaba.excel.read.processor.DefaultAnalysisEventProcessor.dealData(DefaultAnalysisEventProcessor.java:99)
	at com.alibaba.excel.read.processor.DefaultAnalysisEventProcessor.endRow(DefaultAnalysisEventProcessor.java:46)
	at com.alibaba.excel.analysis.v07.handlers.RowTagHandler.endElement(RowTagHandler.java:46)
	at com.alibaba.excel.analysis.v07.handlers.sax.XlsxRowHandler.endElement(XlsxRowHandler.java:91)
	at com.sun.org.apache.xerces.internal.parsers.AbstractSAXParser.endElement(AbstractSAXParser.java:609)
	at com.sun.org.apache.xerces.internal.impl.XMLDocumentFragmentScannerImpl.scanEndElement(XMLDocumentFragmentScannerImpl.java:1782)
	at com.sun.org.apache.xerces.internal.impl.XMLDocumentFragmentScannerImpl$FragmentContentDriver.next(XMLDocumentFragmentScannerImpl.java:2967)
	at com.sun.org.apache.xerces.internal.impl.XMLDocumentScannerImpl.next(XMLDocumentScannerImpl.java:602)
	at com.sun.org.apache.xerces.internal.impl.XMLDocumentFragmentScannerImpl.scanDocument(XMLDocumentFragmentScannerImpl.java:505)
	at com.sun.org.apache.xerces.internal.parsers.XML11Configuration.parse(XML11Configuration.java:842)
	at com.sun.org.apache.xerces.internal.parsers.XML11Configuration.parse(XML11Configuration.java:771)
	at com.sun.org.apache.xerces.internal.parsers.XMLParser.parse(XMLParser.java:141)
	at com.sun.org.apache.xerces.internal.parsers.AbstractSAXParser.parse(AbstractSAXParser.java:1213)
	at com.sun.org.apache.xerces.internal.jaxp.SAXParserImpl$JAXPSAXParser.parse(SAXParserImpl.java:643)
	at com.alibaba.excel.analysis.v07.XlsxSaxAnalyser.parseXmlSource(XlsxSaxAnalyser.java:197)
	at com.alibaba.excel.analysis.v07.XlsxSaxAnalyser.execute(XlsxSaxAnalyser.java:218)
	at com.alibaba.excel.analysis.ExcelAnalyserImpl.analysis(ExcelAnalyserImpl.java:123)
	at com.alibaba.excel.ExcelReader.read(ExcelReader.java:67)
	at com.alibaba.excel.ExcelReader.read(ExcelReader.java:57)
	at com.alibaba.excel.read.builder.ExcelReaderSheetBuilder.doRead(ExcelReaderSheetBuilder.java:65)
	at com.wzy.loan.core.service.impl.DictServiceImpl.importDataFromExcel(DictServiceImpl.java:35)
	at sun.reflect.NativeMethodAccessorImpl.invoke0(Native Method)
	at sun.reflect.NativeMethodAccessorImpl.invoke(NativeMethodAccessorImpl.java:62)
	at sun.reflect.DelegatingMethodAccessorImpl.invoke(DelegatingMethodAccessorImpl.java:43)
	at java.lang.reflect.Method.invoke(Method.java:498)
	at org.springframework.aop.support.AopUtils.invokeJoinpointUsingReflection(AopUtils.java:344)
	at org.springframework.aop.framework.ReflectiveMethodInvocation.invokeJoinpoint(ReflectiveMethodInvocation.java:198)
	at org.springframework.aop.framework.ReflectiveMethodInvocation.proceed(ReflectiveMethodInvocation.java:163)
	at org.springframework.transaction.interceptor.TransactionAspectSupport.invokeWithinTransaction(TransactionAspectSupport.java:367)
	at org.springframework.transaction.interceptor.TransactionInterceptor.invoke(TransactionInterceptor.java:118)
	at org.springframework.aop.framework.ReflectiveMethodInvocation.proceed(ReflectiveMethodInvocation.java:186)
	at org.springframework.aop.framework.JdkDynamicAopProxy.invoke(JdkDynamicAopProxy.java:212)
	at com.sun.proxy.$Proxy77.importDataFromExcel(Unknown Source)
	at com.wzy.loan.core.controller.admin.AdminDictController.batchImport(AdminDictController.java:47)
	... 50 common frames omitted
Caused by: java.sql.SQLIntegrityConstraintViolationException: Duplicate entry '1' for key 'dict.PRIMARY'
	at com.mysql.cj.jdbc.exceptions.SQLError.createSQLException(SQLError.java:117)
	at com.mysql.cj.jdbc.exceptions.SQLError.createSQLException(SQLError.java:97)
	at com.mysql.cj.jdbc.exceptions.SQLExceptionsMapping.translateException(SQLExceptionsMapping.java:122)
	at com.mysql.cj.jdbc.ClientPreparedStatement.executeInternal(ClientPreparedStatement.java:953)
	at com.mysql.cj.jdbc.ClientPreparedStatement.execute(ClientPreparedStatement.java:370)
	at com.zaxxer.hikari.pool.ProxyPreparedStatement.execute(ProxyPreparedStatement.java:44)
	at com.zaxxer.hikari.pool.HikariProxyPreparedStatement.execute(HikariProxyPreparedStatement.java)
	at sun.reflect.GeneratedMethodAccessor78.invoke(Unknown Source)
	at sun.reflect.DelegatingMethodAccessorImpl.invoke(DelegatingMethodAccessorImpl.java:43)
	at java.lang.reflect.Method.invoke(Method.java:498)
	at org.apache.ibatis.logging.jdbc.PreparedStatementLogger.invoke(PreparedStatementLogger.java:59)
	at com.sun.proxy.$Proxy142.execute(Unknown Source)
	at org.apache.ibatis.executor.statement.PreparedStatementHandler.update(PreparedStatementHandler.java:47)
	at org.apache.ibatis.executor.statement.RoutingStatementHandler.update(RoutingStatementHandler.java:74)
	at sun.reflect.GeneratedMethodAccessor83.invoke(Unknown Source)
	at sun.reflect.DelegatingMethodAccessorImpl.invoke(DelegatingMethodAccessorImpl.java:43)
	at java.lang.reflect.Method.invoke(Method.java:498)
	at org.apache.ibatis.plugin.Plugin.invoke(Plugin.java:63)
	at com.sun.proxy.$Proxy140.update(Unknown Source)
	at com.baomidou.mybatisplus.core.executor.MybatisSimpleExecutor.doUpdate(MybatisSimpleExecutor.java:56)
	at org.apache.ibatis.executor.BaseExecutor.update(BaseExecutor.java:117)
	at com.baomidou.mybatisplus.core.executor.MybatisCachingExecutor.update(MybatisCachingExecutor.java:85)
	at sun.reflect.GeneratedMethodAccessor82.invoke(Unknown Source)
	at sun.reflect.DelegatingMethodAccessorImpl.invoke(DelegatingMethodAccessorImpl.java:43)
	at java.lang.reflect.Method.invoke(Method.java:498)
	at org.apache.ibatis.plugin.Invocation.proceed(Invocation.java:49)
	at com.baomidou.mybatisplus.extension.plugins.MybatisPlusInterceptor.intercept(MybatisPlusInterceptor.java:83)
	at org.apache.ibatis.plugin.Plugin.invoke(Plugin.java:61)
	at com.sun.proxy.$Proxy139.update(Unknown Source)
	at org.apache.ibatis.session.defaults.DefaultSqlSession.update(DefaultSqlSession.java:197)
	at org.apache.ibatis.session.defaults.DefaultSqlSession.insert(DefaultSqlSession.java:184)
	at sun.reflect.GeneratedMethodAccessor81.invoke(Unknown Source)
	at sun.reflect.DelegatingMethodAccessorImpl.invoke(DelegatingMethodAccessorImpl.java:43)
	at java.lang.reflect.Method.invoke(Method.java:498)
	at org.mybatis.spring.SqlSessionTemplate$SqlSessionInterceptor.invoke(SqlSessionTemplate.java:426)
	... 93 common frames omitted
2022-01-31 13:31:54 [INFO ] http-nio-8110-exec-10 DictListener.java:59 com.wzy.loan.core.easyExcel.DictListener 5条数据，开始存储数据库！
2022-01-31 13:31:54 [INFO ] http-nio-8110-exec-10 DictListener.java:61 com.wzy.loan.core.easyExcel.DictListener 存储数据库成功！
2022-01-31 13:31:54 [INFO ] http-nio-8110-exec-10 DictListener.java:59 com.wzy.loan.core.easyExcel.DictListener 5条数据，开始存储数据库！
2022-01-31 13:31:54 [INFO ] http-nio-8110-exec-10 DictListener.java:61 com.wzy.loan.core.easyExcel.DictListener 存储数据库成功！
2022-01-31 13:31:54 [INFO ] http-nio-8110-exec-10 DictListener.java:59 com.wzy.loan.core.easyExcel.DictListener 5条数据，开始存储数据库！
2022-01-31 13:31:54 [INFO ] http-nio-8110-exec-10 DictListener.java:61 com.wzy.loan.core.easyExcel.DictListener 存储数据库成功！
2022-01-31 13:31:54 [INFO ] http-nio-8110-exec-10 DictListener.java:59 com.wzy.loan.core.easyExcel.DictListener 5条数据，开始存储数据库！
2022-01-31 13:31:54 [INFO ] http-nio-8110-exec-10 DictListener.java:61 com.wzy.loan.core.easyExcel.DictListener 存储数据库成功！
2022-01-31 13:31:54 [INFO ] http-nio-8110-exec-10 DictListener.java:59 com.wzy.loan.core.easyExcel.DictListener 5条数据，开始存储数据库！
2022-01-31 13:31:54 [INFO ] http-nio-8110-exec-10 DictListener.java:61 com.wzy.loan.core.easyExcel.DictListener 存储数据库成功！
2022-01-31 13:31:54 [INFO ] http-nio-8110-exec-10 DictListener.java:59 com.wzy.loan.core.easyExcel.DictListener 5条数据，开始存储数据库！
2022-01-31 13:31:54 [INFO ] http-nio-8110-exec-10 DictListener.java:61 com.wzy.loan.core.easyExcel.DictListener 存储数据库成功！
2022-01-31 13:31:54 [INFO ] http-nio-8110-exec-10 DictListener.java:59 com.wzy.loan.core.easyExcel.DictListener 5条数据，开始存储数据库！
2022-01-31 13:31:54 [INFO ] http-nio-8110-exec-10 DictListener.java:61 com.wzy.loan.core.easyExcel.DictListener 存储数据库成功！
2022-01-31 13:31:54 [INFO ] http-nio-8110-exec-10 DictListener.java:59 com.wzy.loan.core.easyExcel.DictListener 5条数据，开始存储数据库！
2022-01-31 13:31:54 [INFO ] http-nio-8110-exec-10 DictListener.java:61 com.wzy.loan.core.easyExcel.DictListener 存储数据库成功！
2022-01-31 13:31:54 [INFO ] http-nio-8110-exec-10 DictListener.java:59 com.wzy.loan.core.easyExcel.DictListener 5条数据，开始存储数据库！
2022-01-31 13:31:54 [INFO ] http-nio-8110-exec-10 DictListener.java:61 com.wzy.loan.core.easyExcel.DictListener 存储数据库成功！
2022-01-31 13:31:54 [INFO ] http-nio-8110-exec-10 DictListener.java:59 com.wzy.loan.core.easyExcel.DictListener 5条数据，开始存储数据库！
2022-01-31 13:31:54 [INFO ] http-nio-8110-exec-10 DictListener.java:61 com.wzy.loan.core.easyExcel.DictListener 存储数据库成功！
2022-01-31 13:31:54 [INFO ] http-nio-8110-exec-10 DictListener.java:59 com.wzy.loan.core.easyExcel.DictListener 4条数据，开始存储数据库！
2022-01-31 13:31:54 [INFO ] http-nio-8110-exec-10 DictListener.java:61 com.wzy.loan.core.easyExcel.DictListener 存储数据库成功！
2022-01-31 13:31:54 [INFO ] http-nio-8110-exec-10 DictListener.java:54 com.wzy.loan.core.easyExcel.DictListener 存储数据库完成！
2022-01-31 13:32:02 [INFO ] http-nio-8110-exec-1 DictListener.java:59 com.wzy.loan.core.easyExcel.DictListener 5条数据，开始存储数据库！
2022-01-31 13:32:02 [ERROR] http-nio-8110-exec-1 UnifiedExceptionalHandler.java:50 com.wzy.common.exception.UnifiedExceptionalHandler 文件上传错误
com.wzy.common.exception.BusinessException: 文件上传错误
	at com.wzy.loan.core.controller.admin.AdminDictController.batchImport(AdminDictController.java:52)
	at sun.reflect.NativeMethodAccessorImpl.invoke0(Native Method)
	at sun.reflect.NativeMethodAccessorImpl.invoke(NativeMethodAccessorImpl.java:62)
	at sun.reflect.DelegatingMethodAccessorImpl.invoke(DelegatingMethodAccessorImpl.java:43)
	at java.lang.reflect.Method.invoke(Method.java:498)
	at org.springframework.web.method.support.InvocableHandlerMethod.doInvoke(InvocableHandlerMethod.java:190)
	at org.springframework.web.method.support.InvocableHandlerMethod.invokeForRequest(InvocableHandlerMethod.java:138)
	at org.springframework.web.servlet.mvc.method.annotation.ServletInvocableHandlerMethod.invokeAndHandle(ServletInvocableHandlerMethod.java:105)
	at org.springframework.web.servlet.mvc.method.annotation.RequestMappingHandlerAdapter.invokeHandlerMethod(RequestMappingHandlerAdapter.java:878)
	at org.springframework.web.servlet.mvc.method.annotation.RequestMappingHandlerAdapter.handleInternal(RequestMappingHandlerAdapter.java:792)
	at org.springframework.web.servlet.mvc.method.AbstractHandlerMethodAdapter.handle(AbstractHandlerMethodAdapter.java:87)
	at org.springframework.web.servlet.DispatcherServlet.doDispatch(DispatcherServlet.java:1040)
	at org.springframework.web.servlet.DispatcherServlet.doService(DispatcherServlet.java:943)
	at org.springframework.web.servlet.FrameworkServlet.processRequest(FrameworkServlet.java:1006)
	at org.springframework.web.servlet.FrameworkServlet.doPost(FrameworkServlet.java:909)
	at javax.servlet.http.HttpServlet.service(HttpServlet.java:652)
	at org.springframework.web.servlet.FrameworkServlet.service(FrameworkServlet.java:883)
	at javax.servlet.http.HttpServlet.service(HttpServlet.java:733)
	at org.apache.catalina.core.ApplicationFilterChain.internalDoFilter(ApplicationFilterChain.java:231)
	at org.apache.catalina.core.ApplicationFilterChain.doFilter(ApplicationFilterChain.java:166)
	at org.apache.tomcat.websocket.server.WsFilter.doFilter(WsFilter.java:53)
	at org.apache.catalina.core.ApplicationFilterChain.internalDoFilter(ApplicationFilterChain.java:193)
	at org.apache.catalina.core.ApplicationFilterChain.doFilter(ApplicationFilterChain.java:166)
	at org.springframework.web.filter.RequestContextFilter.doFilterInternal(RequestContextFilter.java:100)
	at org.springframework.web.filter.OncePerRequestFilter.doFilter(OncePerRequestFilter.java:119)
	at org.apache.catalina.core.ApplicationFilterChain.internalDoFilter(ApplicationFilterChain.java:193)
	at org.apache.catalina.core.ApplicationFilterChain.doFilter(ApplicationFilterChain.java:166)
	at org.springframework.web.filter.FormContentFilter.doFilterInternal(FormContentFilter.java:93)
	at org.springframework.web.filter.OncePerRequestFilter.doFilter(OncePerRequestFilter.java:119)
	at org.apache.catalina.core.ApplicationFilterChain.internalDoFilter(ApplicationFilterChain.java:193)
	at org.apache.catalina.core.ApplicationFilterChain.doFilter(ApplicationFilterChain.java:166)
	at org.springframework.web.filter.CharacterEncodingFilter.doFilterInternal(CharacterEncodingFilter.java:201)
	at org.springframework.web.filter.OncePerRequestFilter.doFilter(OncePerRequestFilter.java:119)
	at org.apache.catalina.core.ApplicationFilterChain.internalDoFilter(ApplicationFilterChain.java:193)
	at org.apache.catalina.core.ApplicationFilterChain.doFilter(ApplicationFilterChain.java:166)
	at org.apache.catalina.core.StandardWrapperValve.invoke(StandardWrapperValve.java:202)
	at org.apache.catalina.core.StandardContextValve.invoke(StandardContextValve.java:97)
	at org.apache.catalina.authenticator.AuthenticatorBase.invoke(AuthenticatorBase.java:541)
	at org.apache.catalina.core.StandardHostValve.invoke(StandardHostValve.java:143)
	at org.apache.catalina.valves.ErrorReportValve.invoke(ErrorReportValve.java:92)
	at org.apache.catalina.core.StandardEngineValve.invoke(StandardEngineValve.java:78)
	at org.apache.catalina.connector.CoyoteAdapter.service(CoyoteAdapter.java:343)
	at org.apache.coyote.http11.Http11Processor.service(Http11Processor.java:374)
	at org.apache.coyote.AbstractProcessorLight.process(AbstractProcessorLight.java:65)
	at org.apache.coyote.AbstractProtocol$ConnectionHandler.process(AbstractProtocol.java:868)
	at org.apache.tomcat.util.net.NioEndpoint$SocketProcessor.doRun(NioEndpoint.java:1590)
	at org.apache.tomcat.util.net.SocketProcessorBase.run(SocketProcessorBase.java:49)
	at java.util.concurrent.ThreadPoolExecutor.runWorker(ThreadPoolExecutor.java:1149)
	at java.util.concurrent.ThreadPoolExecutor$Worker.run(ThreadPoolExecutor.java:624)
	at org.apache.tomcat.util.threads.TaskThread$WrappingRunnable.run(TaskThread.java:61)
	at java.lang.Thread.run(Thread.java:748)
Caused by: org.springframework.dao.DuplicateKeyException: 
### Error updating database.  Cause: java.sql.SQLIntegrityConstraintViolationException: Duplicate entry '1' for key 'dict.PRIMARY'
### The error may exist in file [D:\workspace\loanProject\service-core\target\classes\com\wzy\loan\mapper\xml\DictMapper.xml]
### The error may involve defaultParameterMap
### The error occurred while setting parameters
### SQL: insert into dict(id,parent_id,name,value,dict_code)         values                        (             ?,             ?,             ?,             ?,             ?             )          ,              (             ?,             ?,             ?,             ?,             ?             )          ,              (             ?,             ?,             ?,             ?,             ?             )          ,              (             ?,             ?,             ?,             ?,             ?             )          ,              (             ?,             ?,             ?,             ?,             ?             )
### Cause: java.sql.SQLIntegrityConstraintViolationException: Duplicate entry '1' for key 'dict.PRIMARY'
; Duplicate entry '1' for key 'dict.PRIMARY'; nested exception is java.sql.SQLIntegrityConstraintViolationException: Duplicate entry '1' for key 'dict.PRIMARY'
	at org.springframework.jdbc.support.SQLErrorCodeSQLExceptionTranslator.doTranslate(SQLErrorCodeSQLExceptionTranslator.java:247)
	at org.springframework.jdbc.support.AbstractFallbackSQLExceptionTranslator.translate(AbstractFallbackSQLExceptionTranslator.java:72)
	at org.mybatis.spring.MyBatisExceptionTranslator.translateExceptionIfPossible(MyBatisExceptionTranslator.java:88)
	at org.mybatis.spring.SqlSessionTemplate$SqlSessionInterceptor.invoke(SqlSessionTemplate.java:440)
	at com.sun.proxy.$Proxy74.insert(Unknown Source)
	at org.mybatis.spring.SqlSessionTemplate.insert(SqlSessionTemplate.java:271)
	at com.baomidou.mybatisplus.core.override.MybatisMapperMethod.execute(MybatisMapperMethod.java:60)
	at com.baomidou.mybatisplus.core.override.MybatisMapperProxy$PlainMethodInvoker.invoke(MybatisMapperProxy.java:148)
	at com.baomidou.mybatisplus.core.override.MybatisMapperProxy.invoke(MybatisMapperProxy.java:89)
	at com.sun.proxy.$Proxy75.insertBatch(Unknown Source)
	at com.wzy.loan.core.easyExcel.DictListener.saveData(DictListener.java:60)
	at com.wzy.loan.core.easyExcel.DictListener.invoke(DictListener.java:43)
	at com.wzy.loan.core.easyExcel.DictListener.invoke(DictListener.java:21)
	at com.alibaba.excel.read.processor.DefaultAnalysisEventProcessor.dealData(DefaultAnalysisEventProcessor.java:99)
	at com.alibaba.excel.read.processor.DefaultAnalysisEventProcessor.endRow(DefaultAnalysisEventProcessor.java:46)
	at com.alibaba.excel.analysis.v07.handlers.RowTagHandler.endElement(RowTagHandler.java:46)
	at com.alibaba.excel.analysis.v07.handlers.sax.XlsxRowHandler.endElement(XlsxRowHandler.java:91)
	at com.sun.org.apache.xerces.internal.parsers.AbstractSAXParser.endElement(AbstractSAXParser.java:609)
	at com.sun.org.apache.xerces.internal.impl.XMLDocumentFragmentScannerImpl.scanEndElement(XMLDocumentFragmentScannerImpl.java:1782)
	at com.sun.org.apache.xerces.internal.impl.XMLDocumentFragmentScannerImpl$FragmentContentDriver.next(XMLDocumentFragmentScannerImpl.java:2967)
	at com.sun.org.apache.xerces.internal.impl.XMLDocumentScannerImpl.next(XMLDocumentScannerImpl.java:602)
	at com.sun.org.apache.xerces.internal.impl.XMLDocumentFragmentScannerImpl.scanDocument(XMLDocumentFragmentScannerImpl.java:505)
	at com.sun.org.apache.xerces.internal.parsers.XML11Configuration.parse(XML11Configuration.java:842)
	at com.sun.org.apache.xerces.internal.parsers.XML11Configuration.parse(XML11Configuration.java:771)
	at com.sun.org.apache.xerces.internal.parsers.XMLParser.parse(XMLParser.java:141)
	at com.sun.org.apache.xerces.internal.parsers.AbstractSAXParser.parse(AbstractSAXParser.java:1213)
	at com.sun.org.apache.xerces.internal.jaxp.SAXParserImpl$JAXPSAXParser.parse(SAXParserImpl.java:643)
	at com.alibaba.excel.analysis.v07.XlsxSaxAnalyser.parseXmlSource(XlsxSaxAnalyser.java:197)
	at com.alibaba.excel.analysis.v07.XlsxSaxAnalyser.execute(XlsxSaxAnalyser.java:218)
	at com.alibaba.excel.analysis.ExcelAnalyserImpl.analysis(ExcelAnalyserImpl.java:123)
	at com.alibaba.excel.ExcelReader.read(ExcelReader.java:67)
	at com.alibaba.excel.ExcelReader.read(ExcelReader.java:57)
	at com.alibaba.excel.read.builder.ExcelReaderSheetBuilder.doRead(ExcelReaderSheetBuilder.java:65)
	at com.wzy.loan.core.service.impl.DictServiceImpl.importDataFromExcel(DictServiceImpl.java:35)
	at sun.reflect.NativeMethodAccessorImpl.invoke0(Native Method)
	at sun.reflect.NativeMethodAccessorImpl.invoke(NativeMethodAccessorImpl.java:62)
	at sun.reflect.DelegatingMethodAccessorImpl.invoke(DelegatingMethodAccessorImpl.java:43)
	at java.lang.reflect.Method.invoke(Method.java:498)
	at org.springframework.aop.support.AopUtils.invokeJoinpointUsingReflection(AopUtils.java:344)
	at org.springframework.aop.framework.ReflectiveMethodInvocation.invokeJoinpoint(ReflectiveMethodInvocation.java:198)
	at org.springframework.aop.framework.ReflectiveMethodInvocation.proceed(ReflectiveMethodInvocation.java:163)
	at org.springframework.transaction.interceptor.TransactionAspectSupport.invokeWithinTransaction(TransactionAspectSupport.java:367)
	at org.springframework.transaction.interceptor.TransactionInterceptor.invoke(TransactionInterceptor.java:118)
	at org.springframework.aop.framework.ReflectiveMethodInvocation.proceed(ReflectiveMethodInvocation.java:186)
	at org.springframework.aop.framework.JdkDynamicAopProxy.invoke(JdkDynamicAopProxy.java:212)
	at com.sun.proxy.$Proxy77.importDataFromExcel(Unknown Source)
	at com.wzy.loan.core.controller.admin.AdminDictController.batchImport(AdminDictController.java:47)
	... 50 common frames omitted
Caused by: java.sql.SQLIntegrityConstraintViolationException: Duplicate entry '1' for key 'dict.PRIMARY'
	at com.mysql.cj.jdbc.exceptions.SQLError.createSQLException(SQLError.java:117)
	at com.mysql.cj.jdbc.exceptions.SQLError.createSQLException(SQLError.java:97)
	at com.mysql.cj.jdbc.exceptions.SQLExceptionsMapping.translateException(SQLExceptionsMapping.java:122)
	at com.mysql.cj.jdbc.ClientPreparedStatement.executeInternal(ClientPreparedStatement.java:953)
	at com.mysql.cj.jdbc.ClientPreparedStatement.execute(ClientPreparedStatement.java:370)
	at com.zaxxer.hikari.pool.ProxyPreparedStatement.execute(ProxyPreparedStatement.java:44)
	at com.zaxxer.hikari.pool.HikariProxyPreparedStatement.execute(HikariProxyPreparedStatement.java)
	at sun.reflect.GeneratedMethodAccessor78.invoke(Unknown Source)
	at sun.reflect.DelegatingMethodAccessorImpl.invoke(DelegatingMethodAccessorImpl.java:43)
	at java.lang.reflect.Method.invoke(Method.java:498)
	at org.apache.ibatis.logging.jdbc.PreparedStatementLogger.invoke(PreparedStatementLogger.java:59)
	at com.sun.proxy.$Proxy142.execute(Unknown Source)
	at org.apache.ibatis.executor.statement.PreparedStatementHandler.update(PreparedStatementHandler.java:47)
	at org.apache.ibatis.executor.statement.RoutingStatementHandler.update(RoutingStatementHandler.java:74)
	at sun.reflect.GeneratedMethodAccessor83.invoke(Unknown Source)
	at sun.reflect.DelegatingMethodAccessorImpl.invoke(DelegatingMethodAccessorImpl.java:43)
	at java.lang.reflect.Method.invoke(Method.java:498)
	at org.apache.ibatis.plugin.Plugin.invoke(Plugin.java:63)
	at com.sun.proxy.$Proxy140.update(Unknown Source)
	at com.baomidou.mybatisplus.core.executor.MybatisSimpleExecutor.doUpdate(MybatisSimpleExecutor.java:56)
	at org.apache.ibatis.executor.BaseExecutor.update(BaseExecutor.java:117)
	at com.baomidou.mybatisplus.core.executor.MybatisCachingExecutor.update(MybatisCachingExecutor.java:85)
	at sun.reflect.GeneratedMethodAccessor82.invoke(Unknown Source)
	at sun.reflect.DelegatingMethodAccessorImpl.invoke(DelegatingMethodAccessorImpl.java:43)
	at java.lang.reflect.Method.invoke(Method.java:498)
	at org.apache.ibatis.plugin.Invocation.proceed(Invocation.java:49)
	at com.baomidou.mybatisplus.extension.plugins.MybatisPlusInterceptor.intercept(MybatisPlusInterceptor.java:83)
	at org.apache.ibatis.plugin.Plugin.invoke(Plugin.java:61)
	at com.sun.proxy.$Proxy139.update(Unknown Source)
	at org.apache.ibatis.session.defaults.DefaultSqlSession.update(DefaultSqlSession.java:197)
	at org.apache.ibatis.session.defaults.DefaultSqlSession.insert(DefaultSqlSession.java:184)
	at sun.reflect.GeneratedMethodAccessor81.invoke(Unknown Source)
	at sun.reflect.DelegatingMethodAccessorImpl.invoke(DelegatingMethodAccessorImpl.java:43)
	at java.lang.reflect.Method.invoke(Method.java:498)
	at org.mybatis.spring.SqlSessionTemplate$SqlSessionInterceptor.invoke(SqlSessionTemplate.java:426)
	... 93 common frames omitted
2022-01-31 20:37:16 [INFO ] main StartupInfoLogger.java:55 com.wzy.loan.core.ServiceCoreApplication Starting ServiceCoreApplication on DESKTOP-ST9KEV1 with PID 16220 (D:\workspace\loanProject\service-core\target\classes started by wzy家 in D:\workspace\loanProject)
2022-01-31 20:37:16 [INFO ] main SpringApplication.java:655 com.wzy.loan.core.ServiceCoreApplication The following profiles are active: dev
2022-01-31 20:37:28 [INFO ] main StartupInfoLogger.java:61 com.wzy.loan.core.ServiceCoreApplication Started ServiceCoreApplication in 17.573 seconds (JVM running for 21.531)
2022-01-31 22:21:46 [INFO ] http-nio-8110-exec-3 DictListener.java:59 com.wzy.loan.core.easyExcel.DictListener 5条数据，开始存储数据库！
2022-01-31 22:21:46 [ERROR] http-nio-8110-exec-3 UnifiedExceptionalHandler.java:50 com.wzy.common.exception.UnifiedExceptionalHandler 文件上传错误
com.wzy.common.exception.BusinessException: 文件上传错误
	at com.wzy.loan.core.controller.admin.AdminDictController.batchImport(AdminDictController.java:52)
	at sun.reflect.NativeMethodAccessorImpl.invoke0(Native Method)
	at sun.reflect.NativeMethodAccessorImpl.invoke(NativeMethodAccessorImpl.java:62)
	at sun.reflect.DelegatingMethodAccessorImpl.invoke(DelegatingMethodAccessorImpl.java:43)
	at java.lang.reflect.Method.invoke(Method.java:498)
	at org.springframework.web.method.support.InvocableHandlerMethod.doInvoke(InvocableHandlerMethod.java:190)
	at org.springframework.web.method.support.InvocableHandlerMethod.invokeForRequest(InvocableHandlerMethod.java:138)
	at org.springframework.web.servlet.mvc.method.annotation.ServletInvocableHandlerMethod.invokeAndHandle(ServletInvocableHandlerMethod.java:105)
	at org.springframework.web.servlet.mvc.method.annotation.RequestMappingHandlerAdapter.invokeHandlerMethod(RequestMappingHandlerAdapter.java:878)
	at org.springframework.web.servlet.mvc.method.annotation.RequestMappingHandlerAdapter.handleInternal(RequestMappingHandlerAdapter.java:792)
	at org.springframework.web.servlet.mvc.method.AbstractHandlerMethodAdapter.handle(AbstractHandlerMethodAdapter.java:87)
	at org.springframework.web.servlet.DispatcherServlet.doDispatch(DispatcherServlet.java:1040)
	at org.springframework.web.servlet.DispatcherServlet.doService(DispatcherServlet.java:943)
	at org.springframework.web.servlet.FrameworkServlet.processRequest(FrameworkServlet.java:1006)
	at org.springframework.web.servlet.FrameworkServlet.doPost(FrameworkServlet.java:909)
	at javax.servlet.http.HttpServlet.service(HttpServlet.java:652)
	at org.springframework.web.servlet.FrameworkServlet.service(FrameworkServlet.java:883)
	at javax.servlet.http.HttpServlet.service(HttpServlet.java:733)
	at org.apache.catalina.core.ApplicationFilterChain.internalDoFilter(ApplicationFilterChain.java:231)
	at org.apache.catalina.core.ApplicationFilterChain.doFilter(ApplicationFilterChain.java:166)
	at org.apache.tomcat.websocket.server.WsFilter.doFilter(WsFilter.java:53)
	at org.apache.catalina.core.ApplicationFilterChain.internalDoFilter(ApplicationFilterChain.java:193)
	at org.apache.catalina.core.ApplicationFilterChain.doFilter(ApplicationFilterChain.java:166)
	at org.springframework.web.filter.RequestContextFilter.doFilterInternal(RequestContextFilter.java:100)
	at org.springframework.web.filter.OncePerRequestFilter.doFilter(OncePerRequestFilter.java:119)
	at org.apache.catalina.core.ApplicationFilterChain.internalDoFilter(ApplicationFilterChain.java:193)
	at org.apache.catalina.core.ApplicationFilterChain.doFilter(ApplicationFilterChain.java:166)
	at org.springframework.web.filter.FormContentFilter.doFilterInternal(FormContentFilter.java:93)
	at org.springframework.web.filter.OncePerRequestFilter.doFilter(OncePerRequestFilter.java:119)
	at org.apache.catalina.core.ApplicationFilterChain.internalDoFilter(ApplicationFilterChain.java:193)
	at org.apache.catalina.core.ApplicationFilterChain.doFilter(ApplicationFilterChain.java:166)
	at org.springframework.web.filter.CharacterEncodingFilter.doFilterInternal(CharacterEncodingFilter.java:201)
	at org.springframework.web.filter.OncePerRequestFilter.doFilter(OncePerRequestFilter.java:119)
	at org.apache.catalina.core.ApplicationFilterChain.internalDoFilter(ApplicationFilterChain.java:193)
	at org.apache.catalina.core.ApplicationFilterChain.doFilter(ApplicationFilterChain.java:166)
	at org.apache.catalina.core.StandardWrapperValve.invoke(StandardWrapperValve.java:202)
	at org.apache.catalina.core.StandardContextValve.invoke(StandardContextValve.java:97)
	at org.apache.catalina.authenticator.AuthenticatorBase.invoke(AuthenticatorBase.java:541)
	at org.apache.catalina.core.StandardHostValve.invoke(StandardHostValve.java:143)
	at org.apache.catalina.valves.ErrorReportValve.invoke(ErrorReportValve.java:92)
	at org.apache.catalina.core.StandardEngineValve.invoke(StandardEngineValve.java:78)
	at org.apache.catalina.connector.CoyoteAdapter.service(CoyoteAdapter.java:343)
	at org.apache.coyote.http11.Http11Processor.service(Http11Processor.java:374)
	at org.apache.coyote.AbstractProcessorLight.process(AbstractProcessorLight.java:65)
	at org.apache.coyote.AbstractProtocol$ConnectionHandler.process(AbstractProtocol.java:868)
	at org.apache.tomcat.util.net.NioEndpoint$SocketProcessor.doRun(NioEndpoint.java:1590)
	at org.apache.tomcat.util.net.SocketProcessorBase.run(SocketProcessorBase.java:49)
	at java.util.concurrent.ThreadPoolExecutor.runWorker(ThreadPoolExecutor.java:1149)
	at java.util.concurrent.ThreadPoolExecutor$Worker.run(ThreadPoolExecutor.java:624)
	at org.apache.tomcat.util.threads.TaskThread$WrappingRunnable.run(TaskThread.java:61)
	at java.lang.Thread.run(Thread.java:748)
Caused by: org.springframework.dao.DuplicateKeyException: 
### Error updating database.  Cause: java.sql.SQLIntegrityConstraintViolationException: Duplicate entry '1' for key 'dict.PRIMARY'
### The error may exist in file [D:\workspace\loanProject\service-core\target\classes\com\wzy\loan\mapper\xml\DictMapper.xml]
### The error may involve defaultParameterMap
### The error occurred while setting parameters
### SQL: insert into dict(id,parent_id,name,value,dict_code)         values                        (             ?,             ?,             ?,             ?,             ?             )          ,              (             ?,             ?,             ?,             ?,             ?             )          ,              (             ?,             ?,             ?,             ?,             ?             )          ,              (             ?,             ?,             ?,             ?,             ?             )          ,              (             ?,             ?,             ?,             ?,             ?             )
### Cause: java.sql.SQLIntegrityConstraintViolationException: Duplicate entry '1' for key 'dict.PRIMARY'
; Duplicate entry '1' for key 'dict.PRIMARY'; nested exception is java.sql.SQLIntegrityConstraintViolationException: Duplicate entry '1' for key 'dict.PRIMARY'
	at org.springframework.jdbc.support.SQLErrorCodeSQLExceptionTranslator.doTranslate(SQLErrorCodeSQLExceptionTranslator.java:247)
	at org.springframework.jdbc.support.AbstractFallbackSQLExceptionTranslator.translate(AbstractFallbackSQLExceptionTranslator.java:72)
	at org.mybatis.spring.MyBatisExceptionTranslator.translateExceptionIfPossible(MyBatisExceptionTranslator.java:88)
	at org.mybatis.spring.SqlSessionTemplate$SqlSessionInterceptor.invoke(SqlSessionTemplate.java:440)
	at com.sun.proxy.$Proxy74.insert(Unknown Source)
	at org.mybatis.spring.SqlSessionTemplate.insert(SqlSessionTemplate.java:271)
	at com.baomidou.mybatisplus.core.override.MybatisMapperMethod.execute(MybatisMapperMethod.java:60)
	at com.baomidou.mybatisplus.core.override.MybatisMapperProxy$PlainMethodInvoker.invoke(MybatisMapperProxy.java:148)
	at com.baomidou.mybatisplus.core.override.MybatisMapperProxy.invoke(MybatisMapperProxy.java:89)
	at com.sun.proxy.$Proxy75.insertBatch(Unknown Source)
	at com.wzy.loan.core.easyExcel.DictListener.saveData(DictListener.java:60)
	at com.wzy.loan.core.easyExcel.DictListener.invoke(DictListener.java:43)
	at com.wzy.loan.core.easyExcel.DictListener.invoke(DictListener.java:21)
	at com.alibaba.excel.read.processor.DefaultAnalysisEventProcessor.dealData(DefaultAnalysisEventProcessor.java:99)
	at com.alibaba.excel.read.processor.DefaultAnalysisEventProcessor.endRow(DefaultAnalysisEventProcessor.java:46)
	at com.alibaba.excel.analysis.v07.handlers.RowTagHandler.endElement(RowTagHandler.java:46)
	at com.alibaba.excel.analysis.v07.handlers.sax.XlsxRowHandler.endElement(XlsxRowHandler.java:91)
	at com.sun.org.apache.xerces.internal.parsers.AbstractSAXParser.endElement(AbstractSAXParser.java:609)
	at com.sun.org.apache.xerces.internal.impl.XMLDocumentFragmentScannerImpl.scanEndElement(XMLDocumentFragmentScannerImpl.java:1782)
	at com.sun.org.apache.xerces.internal.impl.XMLDocumentFragmentScannerImpl$FragmentContentDriver.next(XMLDocumentFragmentScannerImpl.java:2967)
	at com.sun.org.apache.xerces.internal.impl.XMLDocumentScannerImpl.next(XMLDocumentScannerImpl.java:602)
	at com.sun.org.apache.xerces.internal.impl.XMLDocumentFragmentScannerImpl.scanDocument(XMLDocumentFragmentScannerImpl.java:505)
	at com.sun.org.apache.xerces.internal.parsers.XML11Configuration.parse(XML11Configuration.java:842)
	at com.sun.org.apache.xerces.internal.parsers.XML11Configuration.parse(XML11Configuration.java:771)
	at com.sun.org.apache.xerces.internal.parsers.XMLParser.parse(XMLParser.java:141)
	at com.sun.org.apache.xerces.internal.parsers.AbstractSAXParser.parse(AbstractSAXParser.java:1213)
	at com.sun.org.apache.xerces.internal.jaxp.SAXParserImpl$JAXPSAXParser.parse(SAXParserImpl.java:643)
	at com.alibaba.excel.analysis.v07.XlsxSaxAnalyser.parseXmlSource(XlsxSaxAnalyser.java:197)
	at com.alibaba.excel.analysis.v07.XlsxSaxAnalyser.execute(XlsxSaxAnalyser.java:218)
	at com.alibaba.excel.analysis.ExcelAnalyserImpl.analysis(ExcelAnalyserImpl.java:123)
	at com.alibaba.excel.ExcelReader.read(ExcelReader.java:67)
	at com.alibaba.excel.ExcelReader.read(ExcelReader.java:57)
	at com.alibaba.excel.read.builder.ExcelReaderSheetBuilder.doRead(ExcelReaderSheetBuilder.java:65)
	at com.wzy.loan.core.service.impl.DictServiceImpl.importDataFromExcel(DictServiceImpl.java:35)
	at sun.reflect.NativeMethodAccessorImpl.invoke0(Native Method)
	at sun.reflect.NativeMethodAccessorImpl.invoke(NativeMethodAccessorImpl.java:62)
	at sun.reflect.DelegatingMethodAccessorImpl.invoke(DelegatingMethodAccessorImpl.java:43)
	at java.lang.reflect.Method.invoke(Method.java:498)
	at org.springframework.aop.support.AopUtils.invokeJoinpointUsingReflection(AopUtils.java:344)
	at org.springframework.aop.framework.ReflectiveMethodInvocation.invokeJoinpoint(ReflectiveMethodInvocation.java:198)
	at org.springframework.aop.framework.ReflectiveMethodInvocation.proceed(ReflectiveMethodInvocation.java:163)
	at org.springframework.transaction.interceptor.TransactionAspectSupport.invokeWithinTransaction(TransactionAspectSupport.java:367)
	at org.springframework.transaction.interceptor.TransactionInterceptor.invoke(TransactionInterceptor.java:118)
	at org.springframework.aop.framework.ReflectiveMethodInvocation.proceed(ReflectiveMethodInvocation.java:186)
	at org.springframework.aop.framework.JdkDynamicAopProxy.invoke(JdkDynamicAopProxy.java:212)
	at com.sun.proxy.$Proxy77.importDataFromExcel(Unknown Source)
	at com.wzy.loan.core.controller.admin.AdminDictController.batchImport(AdminDictController.java:47)
	... 50 common frames omitted
Caused by: java.sql.SQLIntegrityConstraintViolationException: Duplicate entry '1' for key 'dict.PRIMARY'
	at com.mysql.cj.jdbc.exceptions.SQLError.createSQLException(SQLError.java:117)
	at com.mysql.cj.jdbc.exceptions.SQLError.createSQLException(SQLError.java:97)
	at com.mysql.cj.jdbc.exceptions.SQLExceptionsMapping.translateException(SQLExceptionsMapping.java:122)
	at com.mysql.cj.jdbc.ClientPreparedStatement.executeInternal(ClientPreparedStatement.java:953)
	at com.mysql.cj.jdbc.ClientPreparedStatement.execute(ClientPreparedStatement.java:370)
	at com.zaxxer.hikari.pool.ProxyPreparedStatement.execute(ProxyPreparedStatement.java:44)
	at com.zaxxer.hikari.pool.HikariProxyPreparedStatement.execute(HikariProxyPreparedStatement.java)
	at sun.reflect.NativeMethodAccessorImpl.invoke0(Native Method)
	at sun.reflect.NativeMethodAccessorImpl.invoke(NativeMethodAccessorImpl.java:62)
	at sun.reflect.DelegatingMethodAccessorImpl.invoke(DelegatingMethodAccessorImpl.java:43)
	at java.lang.reflect.Method.invoke(Method.java:498)
	at org.apache.ibatis.logging.jdbc.PreparedStatementLogger.invoke(PreparedStatementLogger.java:59)
	at com.sun.proxy.$Proxy142.execute(Unknown Source)
	at org.apache.ibatis.executor.statement.PreparedStatementHandler.update(PreparedStatementHandler.java:47)
	at org.apache.ibatis.executor.statement.RoutingStatementHandler.update(RoutingStatementHandler.java:74)
	at sun.reflect.NativeMethodAccessorImpl.invoke0(Native Method)
	at sun.reflect.NativeMethodAccessorImpl.invoke(NativeMethodAccessorImpl.java:62)
	at sun.reflect.DelegatingMethodAccessorImpl.invoke(DelegatingMethodAccessorImpl.java:43)
	at java.lang.reflect.Method.invoke(Method.java:498)
	at org.apache.ibatis.plugin.Plugin.invoke(Plugin.java:63)
	at com.sun.proxy.$Proxy140.update(Unknown Source)
	at com.baomidou.mybatisplus.core.executor.MybatisSimpleExecutor.doUpdate(MybatisSimpleExecutor.java:56)
	at org.apache.ibatis.executor.BaseExecutor.update(BaseExecutor.java:117)
	at com.baomidou.mybatisplus.core.executor.MybatisCachingExecutor.update(MybatisCachingExecutor.java:85)
	at sun.reflect.NativeMethodAccessorImpl.invoke0(Native Method)
	at sun.reflect.NativeMethodAccessorImpl.invoke(NativeMethodAccessorImpl.java:62)
	at sun.reflect.DelegatingMethodAccessorImpl.invoke(DelegatingMethodAccessorImpl.java:43)
	at java.lang.reflect.Method.invoke(Method.java:498)
	at org.apache.ibatis.plugin.Invocation.proceed(Invocation.java:49)
	at com.baomidou.mybatisplus.extension.plugins.MybatisPlusInterceptor.intercept(MybatisPlusInterceptor.java:83)
	at org.apache.ibatis.plugin.Plugin.invoke(Plugin.java:61)
	at com.sun.proxy.$Proxy139.update(Unknown Source)
	at org.apache.ibatis.session.defaults.DefaultSqlSession.update(DefaultSqlSession.java:197)
	at org.apache.ibatis.session.defaults.DefaultSqlSession.insert(DefaultSqlSession.java:184)
	at sun.reflect.NativeMethodAccessorImpl.invoke0(Native Method)
	at sun.reflect.NativeMethodAccessorImpl.invoke(NativeMethodAccessorImpl.java:62)
	at sun.reflect.DelegatingMethodAccessorImpl.invoke(DelegatingMethodAccessorImpl.java:43)
	at java.lang.reflect.Method.invoke(Method.java:498)
	at org.mybatis.spring.SqlSessionTemplate$SqlSessionInterceptor.invoke(SqlSessionTemplate.java:426)
	... 93 common frames omitted
2022-01-31 22:25:46 [INFO ] main StartupInfoLogger.java:55 com.wzy.loan.core.ServiceCoreApplication Starting ServiceCoreApplication on DESKTOP-ST9KEV1 with PID 11864 (D:\workspace\loanProject\service-core\target\classes started by wzy家 in D:\workspace\loanProject)
2022-01-31 22:25:46 [INFO ] main SpringApplication.java:655 com.wzy.loan.core.ServiceCoreApplication The following profiles are active: dev
2022-01-31 22:25:51 [INFO ] main StartupInfoLogger.java:61 com.wzy.loan.core.ServiceCoreApplication Started ServiceCoreApplication in 4.844 seconds (JVM running for 5.903)
