2022-02-02 16:57:53 [INFO ] main StartupInfoLogger.java:55 com.wzy.redisTest.test1 Starting test1 on DESKTOP-ST9KEV1 with PID 14640 (started by wzy家 in D:\workspace\loanProject\service-core)
2022-02-02 16:57:54 [INFO ] main SpringApplication.java:655 com.wzy.redisTest.test1 The following profiles are active: dev
2022-02-02 17:33:00 [INFO ] main StartupInfoLogger.java:55 com.wzy.redisTest.test1 Starting test1 on DESKTOP-ST9KEV1 with PID 10212 (started by wzy家 in D:\workspace\loanProject\service-core)
2022-02-02 17:33:00 [INFO ] main SpringApplication.java:655 com.wzy.redisTest.test1 The following profiles are active: dev
2022-02-02 17:33:09 [INFO ] main StartupInfoLogger.java:61 com.wzy.redisTest.test1 Started test1 in 10.494 seconds (JVM running for 12.14)
2022-02-02 18:53:50 [INFO ] main StartupInfoLogger.java:55 com.wzy.redisTest.test1 Starting test1 on DESKTOP-ST9KEV1 with PID 10832 (started by wzy家 in D:\workspace\loanProject\service-core)
2022-02-02 18:53:50 [INFO ] main SpringApplication.java:655 com.wzy.redisTest.test1 The following profiles are active: dev
2022-02-02 18:54:05 [INFO ] main StartupInfoLogger.java:61 com.wzy.redisTest.test1 Started test1 in 16.747 seconds (JVM running for 19.432)
2022-02-02 18:55:04 [INFO ] main StartupInfoLogger.java:55 com.wzy.redisTest.test1 Starting test1 on DESKTOP-ST9KEV1 with PID 16684 (started by wzy家 in D:\workspace\loanProject\service-core)
2022-02-02 18:55:04 [INFO ] main SpringApplication.java:655 com.wzy.redisTest.test1 The following profiles are active: dev
2022-02-02 18:55:22 [INFO ] main StartupInfoLogger.java:61 com.wzy.redisTest.test1 Started test1 in 20.11 seconds (JVM running for 22.572)
2022-02-02 20:19:20 [INFO ] main StartupInfoLogger.java:55 com.wzy.redisTest.test1 Starting test1 on DESKTOP-ST9KEV1 with PID 5704 (started by wzy家 in D:\workspace\loanProject\service-core)
2022-02-02 20:19:20 [INFO ] main SpringApplication.java:655 com.wzy.redisTest.test1 The following profiles are active: dev
2022-02-02 20:19:26 [INFO ] main StartupInfoLogger.java:61 com.wzy.redisTest.test1 Started test1 in 7.641 seconds (JVM running for 9.301)
2022-02-02 20:20:09 [INFO ] main StartupInfoLogger.java:55 com.wzy.redisTest.test1 Starting test1 on DESKTOP-ST9KEV1 with PID 9804 (started by wzy家 in D:\workspace\loanProject\service-core)
2022-02-02 20:20:09 [INFO ] main SpringApplication.java:655 com.wzy.redisTest.test1 The following profiles are active: dev
2022-02-02 20:20:19 [INFO ] main StartupInfoLogger.java:61 com.wzy.redisTest.test1 Started test1 in 10.921 seconds (JVM running for 12.467)
2022-02-02 20:37:33 [INFO ] main StartupInfoLogger.java:55 com.wzy.redisTest.test1 Starting test1 on DESKTOP-ST9KEV1 with PID 7364 (started by wzy家 in D:\workspace\loanProject\service-core)
2022-02-02 20:37:33 [INFO ] main SpringApplication.java:655 com.wzy.redisTest.test1 The following profiles are active: dev
2022-02-02 20:37:41 [INFO ] main StartupInfoLogger.java:61 com.wzy.redisTest.test1 Started test1 in 8.661 seconds (JVM running for 10.048)
2022-02-02 20:39:35 [INFO ] main StartupInfoLogger.java:55 com.wzy.redisTest.test1 Starting test1 on DESKTOP-ST9KEV1 with PID 18284 (started by wzy家 in D:\workspace\loanProject\service-core)
2022-02-02 20:39:35 [INFO ] main SpringApplication.java:655 com.wzy.redisTest.test1 The following profiles are active: dev
2022-02-02 20:39:45 [INFO ] main StartupInfoLogger.java:61 com.wzy.redisTest.test1 Started test1 in 11.093 seconds (JVM running for 12.701)
2022-02-02 20:41:42 [INFO ] main StartupInfoLogger.java:55 com.wzy.redisTest.test1 Starting test1 on DESKTOP-ST9KEV1 with PID 7552 (started by wzy家 in D:\workspace\loanProject\service-core)
2022-02-02 20:41:42 [INFO ] main SpringApplication.java:655 com.wzy.redisTest.test1 The following profiles are active: dev
2022-02-02 20:41:53 [INFO ] main StartupInfoLogger.java:61 com.wzy.redisTest.test1 Started test1 in 11.677 seconds (JVM running for 13.397)
2022-02-02 20:46:20 [INFO ] main StartupInfoLogger.java:55 com.wzy.redisTest.test1 Starting test1 on DESKTOP-ST9KEV1 with PID 1772 (started by wzy家 in D:\workspace\loanProject\service-core)
2022-02-02 20:46:20 [INFO ] main SpringApplication.java:655 com.wzy.redisTest.test1 The following profiles are active: dev
2022-02-02 20:46:27 [INFO ] main StartupInfoLogger.java:61 com.wzy.redisTest.test1 Started test1 in 8.133 seconds (JVM running for 9.587)
2022-02-02 20:53:30 [INFO ] main StartupInfoLogger.java:55 com.wzy.redisTest.test1 Starting test1 on DESKTOP-ST9KEV1 with PID 17648 (started by wzy家 in D:\workspace\loanProject\service-core)
2022-02-02 20:53:30 [INFO ] main SpringApplication.java:655 com.wzy.redisTest.test1 The following profiles are active: dev
2022-02-02 20:53:37 [INFO ] main StartupInfoLogger.java:61 com.wzy.redisTest.test1 Started test1 in 8.236 seconds (JVM running for 9.723)
2022-02-02 20:53:51 [INFO ] main StartupInfoLogger.java:55 com.wzy.redisTest.test1 Starting test1 on DESKTOP-ST9KEV1 with PID 4968 (started by wzy家 in D:\workspace\loanProject\service-core)
2022-02-02 20:53:51 [INFO ] main SpringApplication.java:655 com.wzy.redisTest.test1 The following profiles are active: dev
2022-02-02 20:53:58 [INFO ] main StartupInfoLogger.java:61 com.wzy.redisTest.test1 Started test1 in 7.854 seconds (JVM running for 9.164)
2022-02-02 20:57:44 [INFO ] main StartupInfoLogger.java:55 com.wzy.redisTest.test1 Starting test1 on DESKTOP-ST9KEV1 with PID 18516 (started by wzy家 in D:\workspace\loanProject\service-core)
2022-02-02 20:57:44 [INFO ] main SpringApplication.java:655 com.wzy.redisTest.test1 The following profiles are active: dev
2022-02-02 20:57:53 [INFO ] main StartupInfoLogger.java:61 com.wzy.redisTest.test1 Started test1 in 10.037 seconds (JVM running for 11.665)
2022-02-02 21:32:51 [INFO ] main StartupInfoLogger.java:55 com.wzy.redisTest.test1 Starting test1 on DESKTOP-ST9KEV1 with PID 15760 (started by wzy家 in D:\workspace\loanProject\service-core)
2022-02-02 21:32:51 [INFO ] main SpringApplication.java:655 com.wzy.redisTest.test1 The following profiles are active: dev
2022-02-02 21:33:04 [INFO ] main StartupInfoLogger.java:61 com.wzy.redisTest.test1 Started test1 in 14.19 seconds (JVM running for 16.005)
2022-02-02 21:33:09 [INFO ] main StartupInfoLogger.java:55 com.wzy.loan.core.ServiceCoreApplication Starting ServiceCoreApplication on DESKTOP-ST9KEV1 with PID 17360 (D:\workspace\loanProject\service-core\target\classes started by wzy家 in D:\workspace\loanProject)
2022-02-02 21:33:09 [INFO ] main SpringApplication.java:655 com.wzy.loan.core.ServiceCoreApplication The following profiles are active: dev
2022-02-02 21:33:16 [INFO ] main StartupInfoLogger.java:61 com.wzy.loan.core.ServiceCoreApplication Started ServiceCoreApplication in 8.624 seconds (JVM running for 10.557)
2022-02-02 21:40:52 [ERROR] http-nio-8110-exec-2 DictServiceImpl.java:86 com.wzy.loan.core.service.impl.DictServiceImpl redis异常org.springframework.data.redis.RedisConnectionFailureException: Unable to connect to Redis; nested exception is org.springframework.data.redis.connection.PoolException: Could not get a resource from the pool; nested exception is io.lettuce.core.RedisConnectionException: Unable to connect to 175.178.1.64:6379
	at org.springframework.data.redis.connection.lettuce.LettuceConnectionFactory$ExceptionTranslatingConnectionProvider.translateException(LettuceConnectionFactory.java:1534)
	at org.springframework.data.redis.connection.lettuce.LettuceConnectionFactory$ExceptionTranslatingConnectionProvider.getConnection(LettuceConnectionFactory.java:1442)
	at org.springframework.data.redis.connection.lettuce.LettuceConnectionFactory$SharedConnection.getNativeConnection(LettuceConnectionFactory.java:1228)
	at org.springframework.data.redis.connection.lettuce.LettuceConnectionFactory$SharedConnection.getConnection(LettuceConnectionFactory.java:1211)
	at org.springframework.data.redis.connection.lettuce.LettuceConnectionFactory.getSharedConnection(LettuceConnectionFactory.java:975)
	at org.springframework.data.redis.connection.lettuce.LettuceConnectionFactory.getConnection(LettuceConnectionFactory.java:360)
	at org.springframework.data.redis.core.RedisConnectionUtils.doGetConnection(RedisConnectionUtils.java:134)
	at org.springframework.data.redis.core.RedisConnectionUtils.getConnection(RedisConnectionUtils.java:97)
	at org.springframework.data.redis.core.RedisConnectionUtils.getConnection(RedisConnectionUtils.java:84)
	at org.springframework.data.redis.core.RedisTemplate.execute(RedisTemplate.java:215)
	at org.springframework.data.redis.core.RedisTemplate.execute(RedisTemplate.java:188)
	at org.springframework.data.redis.core.AbstractOperations.execute(AbstractOperations.java:96)
	at org.springframework.data.redis.core.DefaultValueOperations.get(DefaultValueOperations.java:53)
	at com.wzy.loan.core.service.impl.DictServiceImpl.listByParentId(DictServiceImpl.java:81)
	at sun.reflect.NativeMethodAccessorImpl.invoke0(Native Method)
	at sun.reflect.NativeMethodAccessorImpl.invoke(NativeMethodAccessorImpl.java:62)
	at sun.reflect.DelegatingMethodAccessorImpl.invoke(DelegatingMethodAccessorImpl.java:43)
	at java.lang.reflect.Method.invoke(Method.java:498)
	at org.springframework.aop.support.AopUtils.invokeJoinpointUsingReflection(AopUtils.java:344)
	at org.springframework.aop.framework.JdkDynamicAopProxy.invoke(JdkDynamicAopProxy.java:205)
	at com.sun.proxy.$Proxy82.listByParentId(Unknown Source)
	at com.wzy.loan.core.controller.admin.AdminDictController.listByParentId(AdminDictController.java:87)
	at sun.reflect.NativeMethodAccessorImpl.invoke0(Native Method)
	at sun.reflect.NativeMethodAccessorImpl.invoke(NativeMethodAccessorImpl.java:62)
	at sun.reflect.DelegatingMethodAccessorImpl.invoke(DelegatingMethodAccessorImpl.java:43)
	at java.lang.reflect.Method.invoke(Method.java:498)
	at org.springframework.web.method.support.InvocableHandlerMethod.doInvoke(InvocableHandlerMethod.java:190)
	at org.springframework.web.method.support.InvocableHandlerMethod.invokeForRequest(InvocableHandlerMethod.java:138)
	at org.springframework.web.servlet.mvc.method.annotation.ServletInvocableHandlerMethod.invokeAndHandle(ServletInvocableHandlerMethod.java:105)
	at org.springframework.web.servlet.mvc.method.annotation.RequestMappingHandlerAdapter.invokeHandlerMethod(RequestMappingHandlerAdapter.java:878)
	at org.springframework.web.servlet.mvc.method.annotation.RequestMappingHandlerAdapter.handleInternal(RequestMappingHandlerAdapter.java:792)
	at org.springframework.web.servlet.mvc.method.AbstractHandlerMethodAdapter.handle(AbstractHandlerMethodAdapter.java:87)
	at org.springframework.web.servlet.DispatcherServlet.doDispatch(DispatcherServlet.java:1040)
	at org.springframework.web.servlet.DispatcherServlet.doService(DispatcherServlet.java:943)
	at org.springframework.web.servlet.FrameworkServlet.processRequest(FrameworkServlet.java:1006)
	at org.springframework.web.servlet.FrameworkServlet.doGet(FrameworkServlet.java:898)
	at javax.servlet.http.HttpServlet.service(HttpServlet.java:626)
	at org.springframework.web.servlet.FrameworkServlet.service(FrameworkServlet.java:883)
	at javax.servlet.http.HttpServlet.service(HttpServlet.java:733)
	at org.apache.catalina.core.ApplicationFilterChain.internalDoFilter(ApplicationFilterChain.java:231)
	at org.apache.catalina.core.ApplicationFilterChain.doFilter(ApplicationFilterChain.java:166)
	at org.apache.tomcat.websocket.server.WsFilter.doFilter(WsFilter.java:53)
	at org.apache.catalina.core.ApplicationFilterChain.internalDoFilter(ApplicationFilterChain.java:193)
	at org.apache.catalina.core.ApplicationFilterChain.doFilter(ApplicationFilterChain.java:166)
	at org.springframework.web.filter.RequestContextFilter.doFilterInternal(RequestContextFilter.java:100)
	at org.springframework.web.filter.OncePerRequestFilter.doFilter(OncePerRequestFilter.java:119)
	at org.apache.catalina.core.ApplicationFilterChain.internalDoFilter(ApplicationFilterChain.java:193)
	at org.apache.catalina.core.ApplicationFilterChain.doFilter(ApplicationFilterChain.java:166)
	at org.springframework.web.filter.FormContentFilter.doFilterInternal(FormContentFilter.java:93)
	at org.springframework.web.filter.OncePerRequestFilter.doFilter(OncePerRequestFilter.java:119)
	at org.apache.catalina.core.ApplicationFilterChain.internalDoFilter(ApplicationFilterChain.java:193)
	at org.apache.catalina.core.ApplicationFilterChain.doFilter(ApplicationFilterChain.java:166)
	at org.springframework.web.filter.CharacterEncodingFilter.doFilterInternal(CharacterEncodingFilter.java:201)
	at org.springframework.web.filter.OncePerRequestFilter.doFilter(OncePerRequestFilter.java:119)
	at org.apache.catalina.core.ApplicationFilterChain.internalDoFilter(ApplicationFilterChain.java:193)
	at org.apache.catalina.core.ApplicationFilterChain.doFilter(ApplicationFilterChain.java:166)
	at org.apache.catalina.core.StandardWrapperValve.invoke(StandardWrapperValve.java:202)
	at org.apache.catalina.core.StandardContextValve.invoke(StandardContextValve.java:97)
	at org.apache.catalina.authenticator.AuthenticatorBase.invoke(AuthenticatorBase.java:541)
	at org.apache.catalina.core.StandardHostValve.invoke(StandardHostValve.java:143)
	at org.apache.catalina.valves.ErrorReportValve.invoke(ErrorReportValve.java:92)
	at org.apache.catalina.core.StandardEngineValve.invoke(StandardEngineValve.java:78)
	at org.apache.catalina.connector.CoyoteAdapter.service(CoyoteAdapter.java:343)
	at org.apache.coyote.http11.Http11Processor.service(Http11Processor.java:374)
	at org.apache.coyote.AbstractProcessorLight.process(AbstractProcessorLight.java:65)
	at org.apache.coyote.AbstractProtocol$ConnectionHandler.process(AbstractProtocol.java:868)
	at org.apache.tomcat.util.net.NioEndpoint$SocketProcessor.doRun(NioEndpoint.java:1590)
	at org.apache.tomcat.util.net.SocketProcessorBase.run(SocketProcessorBase.java:49)
	at java.util.concurrent.ThreadPoolExecutor.runWorker(ThreadPoolExecutor.java:1149)
	at java.util.concurrent.ThreadPoolExecutor$Worker.run(ThreadPoolExecutor.java:624)
	at org.apache.tomcat.util.threads.TaskThread$WrappingRunnable.run(TaskThread.java:61)
	at java.lang.Thread.run(Thread.java:748)
Caused by: org.springframework.data.redis.connection.PoolException: Could not get a resource from the pool; nested exception is io.lettuce.core.RedisConnectionException: Unable to connect to 175.178.1.64:6379
	at org.springframework.data.redis.connection.lettuce.LettucePoolingConnectionProvider.getConnection(LettucePoolingConnectionProvider.java:109)
	at org.springframework.data.redis.connection.lettuce.LettuceConnectionFactory$ExceptionTranslatingConnectionProvider.getConnection(LettuceConnectionFactory.java:1440)
	... 70 more
Caused by: io.lettuce.core.RedisConnectionException: Unable to connect to 175.178.1.64:6379
	at io.lettuce.core.RedisConnectionException.create(RedisConnectionException.java:78)
	at io.lettuce.core.RedisConnectionException.create(RedisConnectionException.java:56)
	at io.lettuce.core.AbstractRedisClient.getConnection(AbstractRedisClient.java:242)
	at io.lettuce.core.RedisClient.connect(RedisClient.java:206)
	at org.springframework.data.redis.connection.lettuce.StandaloneConnectionProvider.lambda$getConnection$1(StandaloneConnectionProvider.java:115)
	at java.util.Optional.orElseGet(Optional.java:267)
	at org.springframework.data.redis.connection.lettuce.StandaloneConnectionProvider.getConnection(StandaloneConnectionProvider.java:115)
	at org.springframework.data.redis.connection.lettuce.LettucePoolingConnectionProvider.lambda$null$0(LettucePoolingConnectionProvider.java:97)
	at io.lettuce.core.support.ConnectionPoolSupport$RedisPooledObjectFactory.create(ConnectionPoolSupport.java:211)
	at io.lettuce.core.support.ConnectionPoolSupport$RedisPooledObjectFactory.create(ConnectionPoolSupport.java:201)
	at org.apache.commons.pool2.BasePooledObjectFactory.makeObject(BasePooledObjectFactory.java:58)
	at org.apache.commons.pool2.impl.GenericObjectPool.create(GenericObjectPool.java:899)
	at org.apache.commons.pool2.impl.GenericObjectPool.borrowObject(GenericObjectPool.java:429)
	at org.apache.commons.pool2.impl.GenericObjectPool.borrowObject(GenericObjectPool.java:354)
	at io.lettuce.core.support.ConnectionPoolSupport$1.borrowObject(ConnectionPoolSupport.java:122)
	at io.lettuce.core.support.ConnectionPoolSupport$1.borrowObject(ConnectionPoolSupport.java:117)
	at org.springframework.data.redis.connection.lettuce.LettucePoolingConnectionProvider.getConnection(LettucePoolingConnectionProvider.java:103)
	... 71 more
Caused by: io.netty.channel.ConnectTimeoutException: connection timed out: /175.178.1.64:6379
	at io.netty.channel.nio.AbstractNioChannel$AbstractNioUnsafe$1.run(AbstractNioChannel.java:261)
	at io.netty.util.concurrent.PromiseTask.runTask(PromiseTask.java:98)
	at io.netty.util.concurrent.ScheduledFutureTask.run(ScheduledFutureTask.java:170)
	at io.netty.util.concurrent.AbstractEventExecutor.safeExecute(AbstractEventExecutor.java:164)
	at io.netty.util.concurrent.SingleThreadEventExecutor.runAllTasks(SingleThreadEventExecutor.java:472)
	at io.netty.channel.nio.NioEventLoop.run(NioEventLoop.java:500)
	at io.netty.util.concurrent.SingleThreadEventExecutor$4.run(SingleThreadEventExecutor.java:989)
	at io.netty.util.internal.ThreadExecutorMap$2.run(ThreadExecutorMap.java:74)
	at io.netty.util.concurrent.FastThreadLocalRunnable.run(FastThreadLocalRunnable.java:30)
	... 1 more

2022-02-02 21:40:53 [INFO ] http-nio-8110-exec-2 DictServiceImpl.java:104 com.wzy.loan.core.service.impl.DictServiceImpl 将数据存入redis
2022-02-02 21:41:03 [ERROR] http-nio-8110-exec-2 DictServiceImpl.java:107 com.wzy.loan.core.service.impl.DictServiceImpl redis异常org.springframework.data.redis.RedisConnectionFailureException: Unable to connect to Redis; nested exception is org.springframework.data.redis.connection.PoolException: Could not get a resource from the pool; nested exception is io.lettuce.core.RedisConnectionException: Unable to connect to 175.178.1.64:6379
	at org.springframework.data.redis.connection.lettuce.LettuceConnectionFactory$ExceptionTranslatingConnectionProvider.translateException(LettuceConnectionFactory.java:1534)
	at org.springframework.data.redis.connection.lettuce.LettuceConnectionFactory$ExceptionTranslatingConnectionProvider.getConnection(LettuceConnectionFactory.java:1442)
	at org.springframework.data.redis.connection.lettuce.LettuceConnectionFactory$SharedConnection.getNativeConnection(LettuceConnectionFactory.java:1228)
	at org.springframework.data.redis.connection.lettuce.LettuceConnectionFactory$SharedConnection.getConnection(LettuceConnectionFactory.java:1211)
	at org.springframework.data.redis.connection.lettuce.LettuceConnectionFactory.getSharedConnection(LettuceConnectionFactory.java:975)
	at org.springframework.data.redis.connection.lettuce.LettuceConnectionFactory.getConnection(LettuceConnectionFactory.java:360)
	at org.springframework.data.redis.core.RedisConnectionUtils.doGetConnection(RedisConnectionUtils.java:134)
	at org.springframework.data.redis.core.RedisConnectionUtils.getConnection(RedisConnectionUtils.java:97)
	at org.springframework.data.redis.core.RedisConnectionUtils.getConnection(RedisConnectionUtils.java:84)
	at org.springframework.data.redis.core.RedisTemplate.execute(RedisTemplate.java:215)
	at org.springframework.data.redis.core.RedisTemplate.execute(RedisTemplate.java:188)
	at org.springframework.data.redis.core.AbstractOperations.execute(AbstractOperations.java:96)
	at org.springframework.data.redis.core.DefaultValueOperations.set(DefaultValueOperations.java:256)
	at com.wzy.loan.core.service.impl.DictServiceImpl.listByParentId(DictServiceImpl.java:105)
	at sun.reflect.NativeMethodAccessorImpl.invoke0(Native Method)
	at sun.reflect.NativeMethodAccessorImpl.invoke(NativeMethodAccessorImpl.java:62)
	at sun.reflect.DelegatingMethodAccessorImpl.invoke(DelegatingMethodAccessorImpl.java:43)
	at java.lang.reflect.Method.invoke(Method.java:498)
	at org.springframework.aop.support.AopUtils.invokeJoinpointUsingReflection(AopUtils.java:344)
	at org.springframework.aop.framework.JdkDynamicAopProxy.invoke(JdkDynamicAopProxy.java:205)
	at com.sun.proxy.$Proxy82.listByParentId(Unknown Source)
	at com.wzy.loan.core.controller.admin.AdminDictController.listByParentId(AdminDictController.java:87)
	at sun.reflect.NativeMethodAccessorImpl.invoke0(Native Method)
	at sun.reflect.NativeMethodAccessorImpl.invoke(NativeMethodAccessorImpl.java:62)
	at sun.reflect.DelegatingMethodAccessorImpl.invoke(DelegatingMethodAccessorImpl.java:43)
	at java.lang.reflect.Method.invoke(Method.java:498)
	at org.springframework.web.method.support.InvocableHandlerMethod.doInvoke(InvocableHandlerMethod.java:190)
	at org.springframework.web.method.support.InvocableHandlerMethod.invokeForRequest(InvocableHandlerMethod.java:138)
	at org.springframework.web.servlet.mvc.method.annotation.ServletInvocableHandlerMethod.invokeAndHandle(ServletInvocableHandlerMethod.java:105)
	at org.springframework.web.servlet.mvc.method.annotation.RequestMappingHandlerAdapter.invokeHandlerMethod(RequestMappingHandlerAdapter.java:878)
	at org.springframework.web.servlet.mvc.method.annotation.RequestMappingHandlerAdapter.handleInternal(RequestMappingHandlerAdapter.java:792)
	at org.springframework.web.servlet.mvc.method.AbstractHandlerMethodAdapter.handle(AbstractHandlerMethodAdapter.java:87)
	at org.springframework.web.servlet.DispatcherServlet.doDispatch(DispatcherServlet.java:1040)
	at org.springframework.web.servlet.DispatcherServlet.doService(DispatcherServlet.java:943)
	at org.springframework.web.servlet.FrameworkServlet.processRequest(FrameworkServlet.java:1006)
	at org.springframework.web.servlet.FrameworkServlet.doGet(FrameworkServlet.java:898)
	at javax.servlet.http.HttpServlet.service(HttpServlet.java:626)
	at org.springframework.web.servlet.FrameworkServlet.service(FrameworkServlet.java:883)
	at javax.servlet.http.HttpServlet.service(HttpServlet.java:733)
	at org.apache.catalina.core.ApplicationFilterChain.internalDoFilter(ApplicationFilterChain.java:231)
	at org.apache.catalina.core.ApplicationFilterChain.doFilter(ApplicationFilterChain.java:166)
	at org.apache.tomcat.websocket.server.WsFilter.doFilter(WsFilter.java:53)
	at org.apache.catalina.core.ApplicationFilterChain.internalDoFilter(ApplicationFilterChain.java:193)
	at org.apache.catalina.core.ApplicationFilterChain.doFilter(ApplicationFilterChain.java:166)
	at org.springframework.web.filter.RequestContextFilter.doFilterInternal(RequestContextFilter.java:100)
	at org.springframework.web.filter.OncePerRequestFilter.doFilter(OncePerRequestFilter.java:119)
	at org.apache.catalina.core.ApplicationFilterChain.internalDoFilter(ApplicationFilterChain.java:193)
	at org.apache.catalina.core.ApplicationFilterChain.doFilter(ApplicationFilterChain.java:166)
	at org.springframework.web.filter.FormContentFilter.doFilterInternal(FormContentFilter.java:93)
	at org.springframework.web.filter.OncePerRequestFilter.doFilter(OncePerRequestFilter.java:119)
	at org.apache.catalina.core.ApplicationFilterChain.internalDoFilter(ApplicationFilterChain.java:193)
	at org.apache.catalina.core.ApplicationFilterChain.doFilter(ApplicationFilterChain.java:166)
	at org.springframework.web.filter.CharacterEncodingFilter.doFilterInternal(CharacterEncodingFilter.java:201)
	at org.springframework.web.filter.OncePerRequestFilter.doFilter(OncePerRequestFilter.java:119)
	at org.apache.catalina.core.ApplicationFilterChain.internalDoFilter(ApplicationFilterChain.java:193)
	at org.apache.catalina.core.ApplicationFilterChain.doFilter(ApplicationFilterChain.java:166)
	at org.apache.catalina.core.StandardWrapperValve.invoke(StandardWrapperValve.java:202)
	at org.apache.catalina.core.StandardContextValve.invoke(StandardContextValve.java:97)
	at org.apache.catalina.authenticator.AuthenticatorBase.invoke(AuthenticatorBase.java:541)
	at org.apache.catalina.core.StandardHostValve.invoke(StandardHostValve.java:143)
	at org.apache.catalina.valves.ErrorReportValve.invoke(ErrorReportValve.java:92)
	at org.apache.catalina.core.StandardEngineValve.invoke(StandardEngineValve.java:78)
	at org.apache.catalina.connector.CoyoteAdapter.service(CoyoteAdapter.java:343)
	at org.apache.coyote.http11.Http11Processor.service(Http11Processor.java:374)
	at org.apache.coyote.AbstractProcessorLight.process(AbstractProcessorLight.java:65)
	at org.apache.coyote.AbstractProtocol$ConnectionHandler.process(AbstractProtocol.java:868)
	at org.apache.tomcat.util.net.NioEndpoint$SocketProcessor.doRun(NioEndpoint.java:1590)
	at org.apache.tomcat.util.net.SocketProcessorBase.run(SocketProcessorBase.java:49)
	at java.util.concurrent.ThreadPoolExecutor.runWorker(ThreadPoolExecutor.java:1149)
	at java.util.concurrent.ThreadPoolExecutor$Worker.run(ThreadPoolExecutor.java:624)
	at org.apache.tomcat.util.threads.TaskThread$WrappingRunnable.run(TaskThread.java:61)
	at java.lang.Thread.run(Thread.java:748)
Caused by: org.springframework.data.redis.connection.PoolException: Could not get a resource from the pool; nested exception is io.lettuce.core.RedisConnectionException: Unable to connect to 175.178.1.64:6379
	at org.springframework.data.redis.connection.lettuce.LettucePoolingConnectionProvider.getConnection(LettucePoolingConnectionProvider.java:109)
	at org.springframework.data.redis.connection.lettuce.LettuceConnectionFactory$ExceptionTranslatingConnectionProvider.getConnection(LettuceConnectionFactory.java:1440)
	... 70 more
Caused by: io.lettuce.core.RedisConnectionException: Unable to connect to 175.178.1.64:6379
	at io.lettuce.core.RedisConnectionException.create(RedisConnectionException.java:78)
	at io.lettuce.core.RedisConnectionException.create(RedisConnectionException.java:56)
	at io.lettuce.core.AbstractRedisClient.getConnection(AbstractRedisClient.java:242)
	at io.lettuce.core.RedisClient.connect(RedisClient.java:206)
	at org.springframework.data.redis.connection.lettuce.StandaloneConnectionProvider.lambda$getConnection$1(StandaloneConnectionProvider.java:115)
	at java.util.Optional.orElseGet(Optional.java:267)
	at org.springframework.data.redis.connection.lettuce.StandaloneConnectionProvider.getConnection(StandaloneConnectionProvider.java:115)
	at org.springframework.data.redis.connection.lettuce.LettucePoolingConnectionProvider.lambda$null$0(LettucePoolingConnectionProvider.java:97)
	at io.lettuce.core.support.ConnectionPoolSupport$RedisPooledObjectFactory.create(ConnectionPoolSupport.java:211)
	at io.lettuce.core.support.ConnectionPoolSupport$RedisPooledObjectFactory.create(ConnectionPoolSupport.java:201)
	at org.apache.commons.pool2.BasePooledObjectFactory.makeObject(BasePooledObjectFactory.java:58)
	at org.apache.commons.pool2.impl.GenericObjectPool.create(GenericObjectPool.java:899)
	at org.apache.commons.pool2.impl.GenericObjectPool.borrowObject(GenericObjectPool.java:429)
	at org.apache.commons.pool2.impl.GenericObjectPool.borrowObject(GenericObjectPool.java:354)
	at io.lettuce.core.support.ConnectionPoolSupport$1.borrowObject(ConnectionPoolSupport.java:122)
	at io.lettuce.core.support.ConnectionPoolSupport$1.borrowObject(ConnectionPoolSupport.java:117)
	at org.springframework.data.redis.connection.lettuce.LettucePoolingConnectionProvider.getConnection(LettucePoolingConnectionProvider.java:103)
	... 71 more
Caused by: io.netty.channel.ConnectTimeoutException: connection timed out: /175.178.1.64:6379
	at io.netty.channel.nio.AbstractNioChannel$AbstractNioUnsafe$1.run(AbstractNioChannel.java:261)
	at io.netty.util.concurrent.PromiseTask.runTask(PromiseTask.java:98)
	at io.netty.util.concurrent.ScheduledFutureTask.run(ScheduledFutureTask.java:170)
	at io.netty.util.concurrent.AbstractEventExecutor.safeExecute(AbstractEventExecutor.java:164)
	at io.netty.util.concurrent.SingleThreadEventExecutor.runAllTasks(SingleThreadEventExecutor.java:472)
	at io.netty.channel.nio.NioEventLoop.run(NioEventLoop.java:500)
	at io.netty.util.concurrent.SingleThreadEventExecutor$4.run(SingleThreadEventExecutor.java:989)
	at io.netty.util.internal.ThreadExecutorMap$2.run(ThreadExecutorMap.java:74)
	at io.netty.util.concurrent.FastThreadLocalRunnable.run(FastThreadLocalRunnable.java:30)
	... 1 more

2022-02-02 21:52:37 [INFO ] http-nio-8110-exec-4 DictServiceImpl.java:104 com.wzy.loan.core.service.impl.DictServiceImpl 将数据存入redis
2022-02-02 21:53:20 [INFO ] http-nio-8110-exec-6 DictServiceImpl.java:104 com.wzy.loan.core.service.impl.DictServiceImpl 将数据存入redis
2022-02-02 21:53:27 [INFO ] http-nio-8110-exec-8 DictServiceImpl.java:104 com.wzy.loan.core.service.impl.DictServiceImpl 将数据存入redis
2022-02-02 21:53:44 [INFO ] http-nio-8110-exec-10 DictServiceImpl.java:104 com.wzy.loan.core.service.impl.DictServiceImpl 将数据存入redis
2022-02-02 21:53:46 [INFO ] http-nio-8110-exec-2 DictServiceImpl.java:104 com.wzy.loan.core.service.impl.DictServiceImpl 将数据存入redis
