2022-01-30 12:57:22 [INFO ] main StartupInfoLogger.java:55 com.wzy.loan.core.ServiceCoreApplication Starting ServiceCoreApplication on DESKTOP-ST9KEV1 with PID 9884 (D:\workspace\loanProject\service-core\target\classes started by wzy家 in D:\workspace\loanProject)
2022-01-30 12:57:22 [INFO ] main SpringApplication.java:655 com.wzy.loan.core.ServiceCoreApplication The following profiles are active: dev
2022-01-30 12:57:28 [INFO ] main StartupInfoLogger.java:61 com.wzy.loan.core.ServiceCoreApplication Started ServiceCoreApplication in 7.136 seconds (JVM running for 9.837)
2022-01-30 17:06:03 [INFO ] main StartupInfoLogger.java:55 com.wzy.loan.core.ServiceCoreApplication Starting ServiceCoreApplication on DESKTOP-ST9KEV1 with PID 7860 (D:\workspace\loanProject\service-core\target\classes started by wzy家 in D:\workspace\loanProject)
2022-01-30 17:06:03 [INFO ] main SpringApplication.java:655 com.wzy.loan.core.ServiceCoreApplication The following profiles are active: dev
2022-01-30 17:06:08 [INFO ] main StartupInfoLogger.java:61 com.wzy.loan.core.ServiceCoreApplication Started ServiceCoreApplication in 6.014 seconds (JVM running for 7.502)
2022-01-30 17:07:08 [INFO ] main StartupInfoLogger.java:55 com.wzy.loan.core.ServiceCoreApplication Starting ServiceCoreApplication on DESKTOP-ST9KEV1 with PID 12628 (D:\workspace\loanProject\service-core\target\classes started by wzy家 in D:\workspace\loanProject)
2022-01-30 17:07:08 [INFO ] main SpringApplication.java:655 com.wzy.loan.core.ServiceCoreApplication The following profiles are active: dev
2022-01-30 17:07:13 [INFO ] main StartupInfoLogger.java:61 com.wzy.loan.core.ServiceCoreApplication Started ServiceCoreApplication in 5.695 seconds (JVM running for 6.843)
2022-01-30 17:13:04 [INFO ] main StartupInfoLogger.java:55 com.wzy.loan.core.ServiceCoreApplication Starting ServiceCoreApplication on DESKTOP-ST9KEV1 with PID 13464 (D:\workspace\loanProject\service-core\target\classes started by wzy家 in D:\workspace\loanProject)
2022-01-30 17:13:04 [INFO ] main SpringApplication.java:655 com.wzy.loan.core.ServiceCoreApplication The following profiles are active: dev
2022-01-30 17:13:08 [INFO ] main StartupInfoLogger.java:61 com.wzy.loan.core.ServiceCoreApplication Started ServiceCoreApplication in 4.563 seconds (JVM running for 5.58)
2022-01-30 17:16:40 [INFO ] main StartupInfoLogger.java:55 com.wzy.loan.core.ServiceCoreApplication Starting ServiceCoreApplication on DESKTOP-ST9KEV1 with PID 12420 (D:\workspace\loanProject\service-core\target\classes started by wzy家 in D:\workspace\loanProject)
2022-01-30 17:16:40 [INFO ] main SpringApplication.java:655 com.wzy.loan.core.ServiceCoreApplication The following profiles are active: dev
2022-01-30 17:16:44 [INFO ] main StartupInfoLogger.java:61 com.wzy.loan.core.ServiceCoreApplication Started ServiceCoreApplication in 4.602 seconds (JVM running for 5.688)
2022-01-30 17:18:36 [INFO ] main StartupInfoLogger.java:55 com.wzy.loan.core.ServiceCoreApplication Starting ServiceCoreApplication on DESKTOP-ST9KEV1 with PID 11788 (D:\workspace\loanProject\service-core\target\classes started by wzy家 in D:\workspace\loanProject)
2022-01-30 17:18:36 [INFO ] main SpringApplication.java:655 com.wzy.loan.core.ServiceCoreApplication The following profiles are active: dev
2022-01-30 17:18:39 [INFO ] main StartupInfoLogger.java:61 com.wzy.loan.core.ServiceCoreApplication Started ServiceCoreApplication in 4.664 seconds (JVM running for 5.829)
2022-01-30 17:53:18 [INFO ] main StartupInfoLogger.java:55 com.wzy.loan.core.ServiceCoreApplication Starting ServiceCoreApplication on DESKTOP-ST9KEV1 with PID 16216 (D:\workspace\loanProject\service-core\target\classes started by wzy家 in D:\workspace\loanProject)
2022-01-30 17:53:18 [INFO ] main SpringApplication.java:655 com.wzy.loan.core.ServiceCoreApplication The following profiles are active: dev
2022-01-30 17:53:23 [INFO ] main StartupInfoLogger.java:61 com.wzy.loan.core.ServiceCoreApplication Started ServiceCoreApplication in 5.652 seconds (JVM running for 6.89)
2022-01-30 18:00:33 [INFO ] main StartupInfoLogger.java:55 com.wzy.loan.core.ServiceCoreApplication Starting ServiceCoreApplication on DESKTOP-ST9KEV1 with PID 9072 (D:\workspace\loanProject\service-core\target\classes started by wzy家 in D:\workspace\loanProject)
2022-01-30 18:00:33 [INFO ] main SpringApplication.java:655 com.wzy.loan.core.ServiceCoreApplication The following profiles are active: dev
2022-01-30 18:00:38 [INFO ] main StartupInfoLogger.java:61 com.wzy.loan.core.ServiceCoreApplication Started ServiceCoreApplication in 6.46 seconds (JVM running for 8.102)
2022-01-30 18:01:00 [INFO ] http-nio-8110-exec-5 DictListener.java:59 com.wzy.loan.core.easyExcel.DictListener 5条数据，开始存储数据库！
2022-01-30 18:01:00 [ERROR] http-nio-8110-exec-5 UnifiedExceptionalHandler.java:50 com.wzy.common.exception.UnifiedExceptionalHandler 文件上传错误
com.wzy.common.exception.BusinessException: 文件上传错误
	at com.wzy.loan.core.controller.admin.AdminDictController.batchImport(AdminDictController.java:52)
	at sun.reflect.NativeMethodAccessorImpl.invoke0(Native Method)
	at sun.reflect.NativeMethodAccessorImpl.invoke(NativeMethodAccessorImpl.java:62)
	at sun.reflect.DelegatingMethodAccessorImpl.invoke(DelegatingMethodAccessorImpl.java:43)
	at java.lang.reflect.Method.invoke(Method.java:498)
	at org.springframework.web.method.support.InvocableHandlerMethod.doInvoke(InvocableHandlerMethod.java:190)
	at org.springframework.web.method.support.InvocableHandlerMethod.invokeForRequest(InvocableHandlerMethod.java:138)
	at org.springframework.web.servlet.mvc.method.annotation.ServletInvocableHandlerMethod.invokeAndHandle(ServletInvocableHandlerMethod.java:105)
	at org.springframework.web.servlet.mvc.method.annotation.RequestMappingHandlerAdapter.invokeHandlerMethod(RequestMappingHandlerAdapter.java:878)
	at org.springframework.web.servlet.mvc.method.annotation.RequestMappingHandlerAdapter.handleInternal(RequestMappingHandlerAdapter.java:792)
	at org.springframework.web.servlet.mvc.method.AbstractHandlerMethodAdapter.handle(AbstractHandlerMethodAdapter.java:87)
	at org.springframework.web.servlet.DispatcherServlet.doDispatch(DispatcherServlet.java:1040)
	at org.springframework.web.servlet.DispatcherServlet.doService(DispatcherServlet.java:943)
	at org.springframework.web.servlet.FrameworkServlet.processRequest(FrameworkServlet.java:1006)
	at org.springframework.web.servlet.FrameworkServlet.doPost(FrameworkServlet.java:909)
	at javax.servlet.http.HttpServlet.service(HttpServlet.java:652)
	at org.springframework.web.servlet.FrameworkServlet.service(FrameworkServlet.java:883)
	at javax.servlet.http.HttpServlet.service(HttpServlet.java:733)
	at org.apache.catalina.core.ApplicationFilterChain.internalDoFilter(ApplicationFilterChain.java:231)
	at org.apache.catalina.core.ApplicationFilterChain.doFilter(ApplicationFilterChain.java:166)
	at org.apache.tomcat.websocket.server.WsFilter.doFilter(WsFilter.java:53)
	at org.apache.catalina.core.ApplicationFilterChain.internalDoFilter(ApplicationFilterChain.java:193)
	at org.apache.catalina.core.ApplicationFilterChain.doFilter(ApplicationFilterChain.java:166)
	at org.springframework.web.filter.RequestContextFilter.doFilterInternal(RequestContextFilter.java:100)
	at org.springframework.web.filter.OncePerRequestFilter.doFilter(OncePerRequestFilter.java:119)
	at org.apache.catalina.core.ApplicationFilterChain.internalDoFilter(ApplicationFilterChain.java:193)
	at org.apache.catalina.core.ApplicationFilterChain.doFilter(ApplicationFilterChain.java:166)
	at org.springframework.web.filter.FormContentFilter.doFilterInternal(FormContentFilter.java:93)
	at org.springframework.web.filter.OncePerRequestFilter.doFilter(OncePerRequestFilter.java:119)
	at org.apache.catalina.core.ApplicationFilterChain.internalDoFilter(ApplicationFilterChain.java:193)
	at org.apache.catalina.core.ApplicationFilterChain.doFilter(ApplicationFilterChain.java:166)
	at org.springframework.web.filter.CharacterEncodingFilter.doFilterInternal(CharacterEncodingFilter.java:201)
	at org.springframework.web.filter.OncePerRequestFilter.doFilter(OncePerRequestFilter.java:119)
	at org.apache.catalina.core.ApplicationFilterChain.internalDoFilter(ApplicationFilterChain.java:193)
	at org.apache.catalina.core.ApplicationFilterChain.doFilter(ApplicationFilterChain.java:166)
	at org.apache.catalina.core.StandardWrapperValve.invoke(StandardWrapperValve.java:202)
	at org.apache.catalina.core.StandardContextValve.invoke(StandardContextValve.java:97)
	at org.apache.catalina.authenticator.AuthenticatorBase.invoke(AuthenticatorBase.java:541)
	at org.apache.catalina.core.StandardHostValve.invoke(StandardHostValve.java:143)
	at org.apache.catalina.valves.ErrorReportValve.invoke(ErrorReportValve.java:92)
	at org.apache.catalina.core.StandardEngineValve.invoke(StandardEngineValve.java:78)
	at org.apache.catalina.connector.CoyoteAdapter.service(CoyoteAdapter.java:343)
	at org.apache.coyote.http11.Http11Processor.service(Http11Processor.java:374)
	at org.apache.coyote.AbstractProcessorLight.process(AbstractProcessorLight.java:65)
	at org.apache.coyote.AbstractProtocol$ConnectionHandler.process(AbstractProtocol.java:868)
	at org.apache.tomcat.util.net.NioEndpoint$SocketProcessor.doRun(NioEndpoint.java:1590)
	at org.apache.tomcat.util.net.SocketProcessorBase.run(SocketProcessorBase.java:49)
	at java.util.concurrent.ThreadPoolExecutor.runWorker(ThreadPoolExecutor.java:1149)
	at java.util.concurrent.ThreadPoolExecutor$Worker.run(ThreadPoolExecutor.java:624)
	at org.apache.tomcat.util.threads.TaskThread$WrappingRunnable.run(TaskThread.java:61)
	at java.lang.Thread.run(Thread.java:748)
Caused by: org.apache.ibatis.binding.BindingException: Invalid bound statement (not found): com.wzy.loan.core.mapper.DictMapper.insertBatch
	at org.apache.ibatis.binding.MapperMethod$SqlCommand.<init>(MapperMethod.java:235)
	at com.baomidou.mybatisplus.core.override.MybatisMapperMethod.<init>(MybatisMapperMethod.java:51)
	at com.baomidou.mybatisplus.core.override.MybatisMapperProxy.lambda$cachedInvoker$0(MybatisMapperProxy.java:111)
	at java.util.concurrent.ConcurrentHashMap.computeIfAbsent(ConcurrentHashMap.java:1660)
	at com.baomidou.mybatisplus.core.toolkit.CollectionUtils.computeIfAbsent(CollectionUtils.java:117)
	at com.baomidou.mybatisplus.core.override.MybatisMapperProxy.cachedInvoker(MybatisMapperProxy.java:98)
	at com.baomidou.mybatisplus.core.override.MybatisMapperProxy.invoke(MybatisMapperProxy.java:89)
	at com.sun.proxy.$Proxy75.insertBatch(Unknown Source)
	at com.wzy.loan.core.easyExcel.DictListener.saveData(DictListener.java:60)
	at com.wzy.loan.core.easyExcel.DictListener.invoke(DictListener.java:43)
	at com.wzy.loan.core.easyExcel.DictListener.invoke(DictListener.java:21)
	at com.alibaba.excel.read.processor.DefaultAnalysisEventProcessor.dealData(DefaultAnalysisEventProcessor.java:99)
	at com.alibaba.excel.read.processor.DefaultAnalysisEventProcessor.endRow(DefaultAnalysisEventProcessor.java:46)
	at com.alibaba.excel.analysis.v07.handlers.RowTagHandler.endElement(RowTagHandler.java:46)
	at com.alibaba.excel.analysis.v07.handlers.sax.XlsxRowHandler.endElement(XlsxRowHandler.java:91)
	at com.sun.org.apache.xerces.internal.parsers.AbstractSAXParser.endElement(AbstractSAXParser.java:609)
	at com.sun.org.apache.xerces.internal.impl.XMLDocumentFragmentScannerImpl.scanEndElement(XMLDocumentFragmentScannerImpl.java:1782)
	at com.sun.org.apache.xerces.internal.impl.XMLDocumentFragmentScannerImpl$FragmentContentDriver.next(XMLDocumentFragmentScannerImpl.java:2967)
	at com.sun.org.apache.xerces.internal.impl.XMLDocumentScannerImpl.next(XMLDocumentScannerImpl.java:602)
	at com.sun.org.apache.xerces.internal.impl.XMLDocumentFragmentScannerImpl.scanDocument(XMLDocumentFragmentScannerImpl.java:505)
	at com.sun.org.apache.xerces.internal.parsers.XML11Configuration.parse(XML11Configuration.java:842)
	at com.sun.org.apache.xerces.internal.parsers.XML11Configuration.parse(XML11Configuration.java:771)
	at com.sun.org.apache.xerces.internal.parsers.XMLParser.parse(XMLParser.java:141)
	at com.sun.org.apache.xerces.internal.parsers.AbstractSAXParser.parse(AbstractSAXParser.java:1213)
	at com.sun.org.apache.xerces.internal.jaxp.SAXParserImpl$JAXPSAXParser.parse(SAXParserImpl.java:643)
	at com.alibaba.excel.analysis.v07.XlsxSaxAnalyser.parseXmlSource(XlsxSaxAnalyser.java:197)
	at com.alibaba.excel.analysis.v07.XlsxSaxAnalyser.execute(XlsxSaxAnalyser.java:218)
	at com.alibaba.excel.analysis.ExcelAnalyserImpl.analysis(ExcelAnalyserImpl.java:123)
	at com.alibaba.excel.ExcelReader.read(ExcelReader.java:67)
	at com.alibaba.excel.ExcelReader.read(ExcelReader.java:57)
	at com.alibaba.excel.read.builder.ExcelReaderSheetBuilder.doRead(ExcelReaderSheetBuilder.java:65)
	at com.wzy.loan.core.service.impl.DictServiceImpl.importDataFromExcel(DictServiceImpl.java:35)
	at sun.reflect.NativeMethodAccessorImpl.invoke0(Native Method)
	at sun.reflect.NativeMethodAccessorImpl.invoke(NativeMethodAccessorImpl.java:62)
	at sun.reflect.DelegatingMethodAccessorImpl.invoke(DelegatingMethodAccessorImpl.java:43)
	at java.lang.reflect.Method.invoke(Method.java:498)
	at org.springframework.aop.support.AopUtils.invokeJoinpointUsingReflection(AopUtils.java:344)
	at org.springframework.aop.framework.ReflectiveMethodInvocation.invokeJoinpoint(ReflectiveMethodInvocation.java:198)
	at org.springframework.aop.framework.ReflectiveMethodInvocation.proceed(ReflectiveMethodInvocation.java:163)
	at org.springframework.transaction.interceptor.TransactionAspectSupport.invokeWithinTransaction(TransactionAspectSupport.java:367)
	at org.springframework.transaction.interceptor.TransactionInterceptor.invoke(TransactionInterceptor.java:118)
	at org.springframework.aop.framework.ReflectiveMethodInvocation.proceed(ReflectiveMethodInvocation.java:186)
	at org.springframework.aop.framework.JdkDynamicAopProxy.invoke(JdkDynamicAopProxy.java:212)
	at com.sun.proxy.$Proxy77.importDataFromExcel(Unknown Source)
	at com.wzy.loan.core.controller.admin.AdminDictController.batchImport(AdminDictController.java:47)
	... 50 common frames omitted
2022-01-30 18:03:54 [INFO ] main StartupInfoLogger.java:55 com.wzy.loan.core.ServiceCoreApplication Starting ServiceCoreApplication on DESKTOP-ST9KEV1 with PID 7748 (D:\workspace\loanProject\service-core\target\classes started by wzy家 in D:\workspace\loanProject)
2022-01-30 18:03:54 [INFO ] main SpringApplication.java:655 com.wzy.loan.core.ServiceCoreApplication The following profiles are active: dev
2022-01-30 18:04:00 [INFO ] main StartupInfoLogger.java:61 com.wzy.loan.core.ServiceCoreApplication Started ServiceCoreApplication in 7.1 seconds (JVM running for 8.501)
2022-01-30 18:05:54 [INFO ] main StartupInfoLogger.java:55 com.wzy.loan.core.ServiceCoreApplication Starting ServiceCoreApplication on DESKTOP-ST9KEV1 with PID 240 (D:\workspace\loanProject\service-core\target\classes started by wzy家 in D:\workspace\loanProject)
2022-01-30 18:05:54 [INFO ] main SpringApplication.java:655 com.wzy.loan.core.ServiceCoreApplication The following profiles are active: dev
2022-01-30 18:06:01 [INFO ] main StartupInfoLogger.java:61 com.wzy.loan.core.ServiceCoreApplication Started ServiceCoreApplication in 7.99 seconds (JVM running for 9.586)
2022-01-30 18:06:44 [INFO ] http-nio-8110-exec-6 DictListener.java:59 com.wzy.loan.core.easyExcel.DictListener 5条数据，开始存储数据库！
2022-01-30 18:06:44 [INFO ] http-nio-8110-exec-6 DictListener.java:61 com.wzy.loan.core.easyExcel.DictListener 存储数据库成功！
2022-01-30 18:06:44 [INFO ] http-nio-8110-exec-6 DictListener.java:59 com.wzy.loan.core.easyExcel.DictListener 5条数据，开始存储数据库！
2022-01-30 18:06:44 [INFO ] http-nio-8110-exec-6 DictListener.java:61 com.wzy.loan.core.easyExcel.DictListener 存储数据库成功！
2022-01-30 18:06:44 [INFO ] http-nio-8110-exec-6 DictListener.java:59 com.wzy.loan.core.easyExcel.DictListener 5条数据，开始存储数据库！
2022-01-30 18:06:44 [INFO ] http-nio-8110-exec-6 DictListener.java:61 com.wzy.loan.core.easyExcel.DictListener 存储数据库成功！
2022-01-30 18:06:44 [INFO ] http-nio-8110-exec-6 DictListener.java:59 com.wzy.loan.core.easyExcel.DictListener 5条数据，开始存储数据库！
2022-01-30 18:06:44 [INFO ] http-nio-8110-exec-6 DictListener.java:61 com.wzy.loan.core.easyExcel.DictListener 存储数据库成功！
2022-01-30 18:06:44 [INFO ] http-nio-8110-exec-6 DictListener.java:59 com.wzy.loan.core.easyExcel.DictListener 5条数据，开始存储数据库！
2022-01-30 18:06:44 [INFO ] http-nio-8110-exec-6 DictListener.java:61 com.wzy.loan.core.easyExcel.DictListener 存储数据库成功！
2022-01-30 18:06:44 [INFO ] http-nio-8110-exec-6 DictListener.java:59 com.wzy.loan.core.easyExcel.DictListener 5条数据，开始存储数据库！
2022-01-30 18:06:44 [INFO ] http-nio-8110-exec-6 DictListener.java:61 com.wzy.loan.core.easyExcel.DictListener 存储数据库成功！
2022-01-30 18:06:44 [INFO ] http-nio-8110-exec-6 DictListener.java:59 com.wzy.loan.core.easyExcel.DictListener 5条数据，开始存储数据库！
2022-01-30 18:06:44 [INFO ] http-nio-8110-exec-6 DictListener.java:61 com.wzy.loan.core.easyExcel.DictListener 存储数据库成功！
2022-01-30 18:06:44 [INFO ] http-nio-8110-exec-6 DictListener.java:59 com.wzy.loan.core.easyExcel.DictListener 5条数据，开始存储数据库！
2022-01-30 18:06:44 [INFO ] http-nio-8110-exec-6 DictListener.java:61 com.wzy.loan.core.easyExcel.DictListener 存储数据库成功！
2022-01-30 18:06:44 [INFO ] http-nio-8110-exec-6 DictListener.java:59 com.wzy.loan.core.easyExcel.DictListener 5条数据，开始存储数据库！
2022-01-30 18:06:44 [INFO ] http-nio-8110-exec-6 DictListener.java:61 com.wzy.loan.core.easyExcel.DictListener 存储数据库成功！
2022-01-30 18:06:44 [INFO ] http-nio-8110-exec-6 DictListener.java:59 com.wzy.loan.core.easyExcel.DictListener 5条数据，开始存储数据库！
2022-01-30 18:06:44 [INFO ] http-nio-8110-exec-6 DictListener.java:61 com.wzy.loan.core.easyExcel.DictListener 存储数据库成功！
2022-01-30 18:06:44 [INFO ] http-nio-8110-exec-6 DictListener.java:59 com.wzy.loan.core.easyExcel.DictListener 4条数据，开始存储数据库！
2022-01-30 18:06:44 [INFO ] http-nio-8110-exec-6 DictListener.java:61 com.wzy.loan.core.easyExcel.DictListener 存储数据库成功！
2022-01-30 18:06:44 [INFO ] http-nio-8110-exec-6 DictListener.java:54 com.wzy.loan.core.easyExcel.DictListener 存储数据库完成！
2022-01-30 18:07:29 [INFO ] http-nio-8110-exec-7 DictListener.java:59 com.wzy.loan.core.easyExcel.DictListener 5条数据，开始存储数据库！
2022-01-30 18:07:29 [INFO ] http-nio-8110-exec-7 DictListener.java:61 com.wzy.loan.core.easyExcel.DictListener 存储数据库成功！
2022-01-30 18:07:29 [INFO ] http-nio-8110-exec-7 DictListener.java:59 com.wzy.loan.core.easyExcel.DictListener 5条数据，开始存储数据库！
2022-01-30 18:07:29 [INFO ] http-nio-8110-exec-7 DictListener.java:61 com.wzy.loan.core.easyExcel.DictListener 存储数据库成功！
2022-01-30 18:07:29 [INFO ] http-nio-8110-exec-7 DictListener.java:59 com.wzy.loan.core.easyExcel.DictListener 5条数据，开始存储数据库！
2022-01-30 18:07:29 [INFO ] http-nio-8110-exec-7 DictListener.java:61 com.wzy.loan.core.easyExcel.DictListener 存储数据库成功！
2022-01-30 18:07:29 [INFO ] http-nio-8110-exec-7 DictListener.java:59 com.wzy.loan.core.easyExcel.DictListener 5条数据，开始存储数据库！
2022-01-30 18:07:29 [INFO ] http-nio-8110-exec-7 DictListener.java:61 com.wzy.loan.core.easyExcel.DictListener 存储数据库成功！
2022-01-30 18:07:29 [INFO ] http-nio-8110-exec-7 DictListener.java:59 com.wzy.loan.core.easyExcel.DictListener 5条数据，开始存储数据库！
2022-01-30 18:07:29 [INFO ] http-nio-8110-exec-7 DictListener.java:61 com.wzy.loan.core.easyExcel.DictListener 存储数据库成功！
2022-01-30 18:07:29 [INFO ] http-nio-8110-exec-7 DictListener.java:59 com.wzy.loan.core.easyExcel.DictListener 5条数据，开始存储数据库！
2022-01-30 18:07:29 [INFO ] http-nio-8110-exec-7 DictListener.java:61 com.wzy.loan.core.easyExcel.DictListener 存储数据库成功！
2022-01-30 18:07:29 [INFO ] http-nio-8110-exec-7 DictListener.java:59 com.wzy.loan.core.easyExcel.DictListener 5条数据，开始存储数据库！
2022-01-30 18:07:29 [INFO ] http-nio-8110-exec-7 DictListener.java:61 com.wzy.loan.core.easyExcel.DictListener 存储数据库成功！
2022-01-30 18:07:29 [INFO ] http-nio-8110-exec-7 DictListener.java:59 com.wzy.loan.core.easyExcel.DictListener 5条数据，开始存储数据库！
2022-01-30 18:07:29 [INFO ] http-nio-8110-exec-7 DictListener.java:61 com.wzy.loan.core.easyExcel.DictListener 存储数据库成功！
2022-01-30 18:07:29 [INFO ] http-nio-8110-exec-7 DictListener.java:59 com.wzy.loan.core.easyExcel.DictListener 5条数据，开始存储数据库！
2022-01-30 18:07:29 [INFO ] http-nio-8110-exec-7 DictListener.java:61 com.wzy.loan.core.easyExcel.DictListener 存储数据库成功！
2022-01-30 18:07:29 [INFO ] http-nio-8110-exec-7 DictListener.java:59 com.wzy.loan.core.easyExcel.DictListener 5条数据，开始存储数据库！
2022-01-30 18:07:29 [INFO ] http-nio-8110-exec-7 DictListener.java:61 com.wzy.loan.core.easyExcel.DictListener 存储数据库成功！
2022-01-30 18:07:29 [INFO ] http-nio-8110-exec-7 DictListener.java:59 com.wzy.loan.core.easyExcel.DictListener 4条数据，开始存储数据库！
2022-01-30 18:07:29 [INFO ] http-nio-8110-exec-7 DictListener.java:61 com.wzy.loan.core.easyExcel.DictListener 存储数据库成功！
2022-01-30 18:07:29 [INFO ] http-nio-8110-exec-7 DictListener.java:54 com.wzy.loan.core.easyExcel.DictListener 存储数据库完成！
