2022-02-07 14:42:58 [INFO ] main StartupInfoLogger.java:55 com.wzy.loan.core.ServiceCoreApplication Starting ServiceCoreApplication on DESKTOP-ST9KEV1 with PID 17084 (D:\workspace\loanProject\service-core\target\classes started by wzy家 in D:\workspace\loanProject)
2022-02-07 14:42:58 [INFO ] main SpringApplication.java:655 com.wzy.loan.core.ServiceCoreApplication The following profiles are active: dev
2022-02-07 14:43:04 [INFO ] main StartupInfoLogger.java:61 com.wzy.loan.core.ServiceCoreApplication Started ServiceCoreApplication in 6.307 seconds (JVM running for 7.701)
2022-02-07 16:58:25 [INFO ] main StartupInfoLogger.java:55 com.wzy.loan.core.ServiceCoreApplication Starting ServiceCoreApplication on DESKTOP-ST9KEV1 with PID 19084 (D:\workspace\loanProject\service-core\target\classes started by wzy家 in D:\workspace\loanProject)
2022-02-07 16:58:25 [INFO ] main SpringApplication.java:655 com.wzy.loan.core.ServiceCoreApplication The following profiles are active: dev
2022-02-07 16:58:30 [INFO ] main StartupInfoLogger.java:61 com.wzy.loan.core.ServiceCoreApplication Started ServiceCoreApplication in 6.476 seconds (JVM running for 7.753)
2022-02-07 17:22:31 [INFO ] main StartupInfoLogger.java:55 com.wzy.loan.core.ServiceCoreApplication Starting ServiceCoreApplication on DESKTOP-ST9KEV1 with PID 17736 (D:\workspace\loanProject\service-core\target\classes started by wzy家 in D:\workspace\loanProject)
2022-02-07 17:22:31 [INFO ] main SpringApplication.java:655 com.wzy.loan.core.ServiceCoreApplication The following profiles are active: dev
2022-02-07 17:22:36 [INFO ] main StartupInfoLogger.java:61 com.wzy.loan.core.ServiceCoreApplication Started ServiceCoreApplication in 5.249 seconds (JVM running for 6.307)
2022-02-07 17:27:47 [INFO ] http-nio-8110-exec-2 Assert.java:77 com.wzy.common.exception.Assert not equals...............
2022-02-07 17:27:47 [ERROR] http-nio-8110-exec-2 UnifiedExceptionalHandler.java:50 com.wzy.common.exception.UnifiedExceptionalHandler 验证码错误
com.wzy.common.exception.BusinessException: 验证码错误
	at com.wzy.common.exception.Assert.equals(Assert.java:78)
	at com.wzy.loan.core.controller.api.UserInfoController.register(UserInfoController.java:47)
	at sun.reflect.NativeMethodAccessorImpl.invoke0(Native Method)
	at sun.reflect.NativeMethodAccessorImpl.invoke(NativeMethodAccessorImpl.java:62)
	at sun.reflect.DelegatingMethodAccessorImpl.invoke(DelegatingMethodAccessorImpl.java:43)
	at java.lang.reflect.Method.invoke(Method.java:498)
	at org.springframework.web.method.support.InvocableHandlerMethod.doInvoke(InvocableHandlerMethod.java:190)
	at org.springframework.web.method.support.InvocableHandlerMethod.invokeForRequest(InvocableHandlerMethod.java:138)
	at org.springframework.web.servlet.mvc.method.annotation.ServletInvocableHandlerMethod.invokeAndHandle(ServletInvocableHandlerMethod.java:105)
	at org.springframework.web.servlet.mvc.method.annotation.RequestMappingHandlerAdapter.invokeHandlerMethod(RequestMappingHandlerAdapter.java:878)
	at org.springframework.web.servlet.mvc.method.annotation.RequestMappingHandlerAdapter.handleInternal(RequestMappingHandlerAdapter.java:792)
	at org.springframework.web.servlet.mvc.method.AbstractHandlerMethodAdapter.handle(AbstractHandlerMethodAdapter.java:87)
	at org.springframework.web.servlet.DispatcherServlet.doDispatch(DispatcherServlet.java:1040)
	at org.springframework.web.servlet.DispatcherServlet.doService(DispatcherServlet.java:943)
	at org.springframework.web.servlet.FrameworkServlet.processRequest(FrameworkServlet.java:1006)
	at org.springframework.web.servlet.FrameworkServlet.doPost(FrameworkServlet.java:909)
	at javax.servlet.http.HttpServlet.service(HttpServlet.java:652)
	at org.springframework.web.servlet.FrameworkServlet.service(FrameworkServlet.java:883)
	at javax.servlet.http.HttpServlet.service(HttpServlet.java:733)
	at org.apache.catalina.core.ApplicationFilterChain.internalDoFilter(ApplicationFilterChain.java:231)
	at org.apache.catalina.core.ApplicationFilterChain.doFilter(ApplicationFilterChain.java:166)
	at org.apache.tomcat.websocket.server.WsFilter.doFilter(WsFilter.java:53)
	at org.apache.catalina.core.ApplicationFilterChain.internalDoFilter(ApplicationFilterChain.java:193)
	at org.apache.catalina.core.ApplicationFilterChain.doFilter(ApplicationFilterChain.java:166)
	at org.springframework.web.filter.RequestContextFilter.doFilterInternal(RequestContextFilter.java:100)
	at org.springframework.web.filter.OncePerRequestFilter.doFilter(OncePerRequestFilter.java:119)
	at org.apache.catalina.core.ApplicationFilterChain.internalDoFilter(ApplicationFilterChain.java:193)
	at org.apache.catalina.core.ApplicationFilterChain.doFilter(ApplicationFilterChain.java:166)
	at org.springframework.web.filter.FormContentFilter.doFilterInternal(FormContentFilter.java:93)
	at org.springframework.web.filter.OncePerRequestFilter.doFilter(OncePerRequestFilter.java:119)
	at org.apache.catalina.core.ApplicationFilterChain.internalDoFilter(ApplicationFilterChain.java:193)
	at org.apache.catalina.core.ApplicationFilterChain.doFilter(ApplicationFilterChain.java:166)
	at org.springframework.web.filter.CharacterEncodingFilter.doFilterInternal(CharacterEncodingFilter.java:201)
	at org.springframework.web.filter.OncePerRequestFilter.doFilter(OncePerRequestFilter.java:119)
	at org.apache.catalina.core.ApplicationFilterChain.internalDoFilter(ApplicationFilterChain.java:193)
	at org.apache.catalina.core.ApplicationFilterChain.doFilter(ApplicationFilterChain.java:166)
	at org.apache.catalina.core.StandardWrapperValve.invoke(StandardWrapperValve.java:202)
	at org.apache.catalina.core.StandardContextValve.invoke(StandardContextValve.java:97)
	at org.apache.catalina.authenticator.AuthenticatorBase.invoke(AuthenticatorBase.java:541)
	at org.apache.catalina.core.StandardHostValve.invoke(StandardHostValve.java:143)
	at org.apache.catalina.valves.ErrorReportValve.invoke(ErrorReportValve.java:92)
	at org.apache.catalina.core.StandardEngineValve.invoke(StandardEngineValve.java:78)
	at org.apache.catalina.connector.CoyoteAdapter.service(CoyoteAdapter.java:343)
	at org.apache.coyote.http11.Http11Processor.service(Http11Processor.java:374)
	at org.apache.coyote.AbstractProcessorLight.process(AbstractProcessorLight.java:65)
	at org.apache.coyote.AbstractProtocol$ConnectionHandler.process(AbstractProtocol.java:868)
	at org.apache.tomcat.util.net.NioEndpoint$SocketProcessor.doRun(NioEndpoint.java:1590)
	at org.apache.tomcat.util.net.SocketProcessorBase.run(SocketProcessorBase.java:49)
	at java.util.concurrent.ThreadPoolExecutor.runWorker(ThreadPoolExecutor.java:1149)
	at java.util.concurrent.ThreadPoolExecutor$Worker.run(ThreadPoolExecutor.java:624)
	at org.apache.tomcat.util.threads.TaskThread$WrappingRunnable.run(TaskThread.java:61)
	at java.lang.Thread.run(Thread.java:748)
2022-02-07 17:37:41 [INFO ] main StartupInfoLogger.java:55 com.wzy.loan.core.ServiceCoreApplication Starting ServiceCoreApplication on DESKTOP-ST9KEV1 with PID 16596 (D:\workspace\loanProject\service-core\target\classes started by wzy家 in D:\workspace\loanProject)
2022-02-07 17:37:41 [INFO ] main SpringApplication.java:655 com.wzy.loan.core.ServiceCoreApplication The following profiles are active: dev
2022-02-07 17:37:49 [INFO ] main StartupInfoLogger.java:61 com.wzy.loan.core.ServiceCoreApplication Started ServiceCoreApplication in 8.792 seconds (JVM running for 11.784)
2022-02-07 18:16:35 [INFO ] main StartupInfoLogger.java:55 com.wzy.loan.core.ServiceCoreApplication Starting ServiceCoreApplication on DESKTOP-ST9KEV1 with PID 8452 (D:\workspace\loanProject\service-core\target\classes started by wzy家 in D:\workspace\loanProject)
2022-02-07 18:16:35 [INFO ] main SpringApplication.java:655 com.wzy.loan.core.ServiceCoreApplication The following profiles are active: dev
2022-02-07 18:16:40 [INFO ] main StartupInfoLogger.java:61 com.wzy.loan.core.ServiceCoreApplication Started ServiceCoreApplication in 6.6 seconds (JVM running for 8.102)
2022-02-07 18:21:32 [INFO ] http-nio-8110-exec-1 Assert.java:77 com.wzy.common.exception.Assert not equals...............
2022-02-07 18:21:32 [ERROR] http-nio-8110-exec-1 UnifiedExceptionalHandler.java:50 com.wzy.common.exception.UnifiedExceptionalHandler 验证码错误
com.wzy.common.exception.BusinessException: 验证码错误
	at com.wzy.common.exception.Assert.equals(Assert.java:78)
	at com.wzy.loan.core.controller.api.UserInfoController.register(UserInfoController.java:47)
	at sun.reflect.NativeMethodAccessorImpl.invoke0(Native Method)
	at sun.reflect.NativeMethodAccessorImpl.invoke(NativeMethodAccessorImpl.java:62)
	at sun.reflect.DelegatingMethodAccessorImpl.invoke(DelegatingMethodAccessorImpl.java:43)
	at java.lang.reflect.Method.invoke(Method.java:498)
	at org.springframework.web.method.support.InvocableHandlerMethod.doInvoke(InvocableHandlerMethod.java:190)
	at org.springframework.web.method.support.InvocableHandlerMethod.invokeForRequest(InvocableHandlerMethod.java:138)
	at org.springframework.web.servlet.mvc.method.annotation.ServletInvocableHandlerMethod.invokeAndHandle(ServletInvocableHandlerMethod.java:105)
	at org.springframework.web.servlet.mvc.method.annotation.RequestMappingHandlerAdapter.invokeHandlerMethod(RequestMappingHandlerAdapter.java:878)
	at org.springframework.web.servlet.mvc.method.annotation.RequestMappingHandlerAdapter.handleInternal(RequestMappingHandlerAdapter.java:792)
	at org.springframework.web.servlet.mvc.method.AbstractHandlerMethodAdapter.handle(AbstractHandlerMethodAdapter.java:87)
	at org.springframework.web.servlet.DispatcherServlet.doDispatch(DispatcherServlet.java:1040)
	at org.springframework.web.servlet.DispatcherServlet.doService(DispatcherServlet.java:943)
	at org.springframework.web.servlet.FrameworkServlet.processRequest(FrameworkServlet.java:1006)
	at org.springframework.web.servlet.FrameworkServlet.doPost(FrameworkServlet.java:909)
	at javax.servlet.http.HttpServlet.service(HttpServlet.java:652)
	at org.springframework.web.servlet.FrameworkServlet.service(FrameworkServlet.java:883)
	at javax.servlet.http.HttpServlet.service(HttpServlet.java:733)
	at org.apache.catalina.core.ApplicationFilterChain.internalDoFilter(ApplicationFilterChain.java:231)
	at org.apache.catalina.core.ApplicationFilterChain.doFilter(ApplicationFilterChain.java:166)
	at org.apache.tomcat.websocket.server.WsFilter.doFilter(WsFilter.java:53)
	at org.apache.catalina.core.ApplicationFilterChain.internalDoFilter(ApplicationFilterChain.java:193)
	at org.apache.catalina.core.ApplicationFilterChain.doFilter(ApplicationFilterChain.java:166)
	at org.springframework.web.filter.RequestContextFilter.doFilterInternal(RequestContextFilter.java:100)
	at org.springframework.web.filter.OncePerRequestFilter.doFilter(OncePerRequestFilter.java:119)
	at org.apache.catalina.core.ApplicationFilterChain.internalDoFilter(ApplicationFilterChain.java:193)
	at org.apache.catalina.core.ApplicationFilterChain.doFilter(ApplicationFilterChain.java:166)
	at org.springframework.web.filter.FormContentFilter.doFilterInternal(FormContentFilter.java:93)
	at org.springframework.web.filter.OncePerRequestFilter.doFilter(OncePerRequestFilter.java:119)
	at org.apache.catalina.core.ApplicationFilterChain.internalDoFilter(ApplicationFilterChain.java:193)
	at org.apache.catalina.core.ApplicationFilterChain.doFilter(ApplicationFilterChain.java:166)
	at org.springframework.web.filter.CharacterEncodingFilter.doFilterInternal(CharacterEncodingFilter.java:201)
	at org.springframework.web.filter.OncePerRequestFilter.doFilter(OncePerRequestFilter.java:119)
	at org.apache.catalina.core.ApplicationFilterChain.internalDoFilter(ApplicationFilterChain.java:193)
	at org.apache.catalina.core.ApplicationFilterChain.doFilter(ApplicationFilterChain.java:166)
	at org.apache.catalina.core.StandardWrapperValve.invoke(StandardWrapperValve.java:202)
	at org.apache.catalina.core.StandardContextValve.invoke(StandardContextValve.java:97)
	at org.apache.catalina.authenticator.AuthenticatorBase.invoke(AuthenticatorBase.java:541)
	at org.apache.catalina.core.StandardHostValve.invoke(StandardHostValve.java:143)
	at org.apache.catalina.valves.ErrorReportValve.invoke(ErrorReportValve.java:92)
	at org.apache.catalina.core.StandardEngineValve.invoke(StandardEngineValve.java:78)
	at org.apache.catalina.connector.CoyoteAdapter.service(CoyoteAdapter.java:343)
	at org.apache.coyote.http11.Http11Processor.service(Http11Processor.java:374)
	at org.apache.coyote.AbstractProcessorLight.process(AbstractProcessorLight.java:65)
	at org.apache.coyote.AbstractProtocol$ConnectionHandler.process(AbstractProtocol.java:868)
	at org.apache.tomcat.util.net.NioEndpoint$SocketProcessor.doRun(NioEndpoint.java:1590)
	at org.apache.tomcat.util.net.SocketProcessorBase.run(SocketProcessorBase.java:49)
	at java.util.concurrent.ThreadPoolExecutor.runWorker(ThreadPoolExecutor.java:1149)
	at java.util.concurrent.ThreadPoolExecutor$Worker.run(ThreadPoolExecutor.java:624)
	at org.apache.tomcat.util.threads.TaskThread$WrappingRunnable.run(TaskThread.java:61)
	at java.lang.Thread.run(Thread.java:748)
2022-02-07 18:25:21 [INFO ] main StartupInfoLogger.java:55 com.wzy.loan.core.ServiceCoreApplication Starting ServiceCoreApplication on DESKTOP-ST9KEV1 with PID 7232 (D:\workspace\loanProject\service-core\target\classes started by wzy家 in D:\workspace\loanProject)
2022-02-07 18:25:21 [INFO ] main SpringApplication.java:655 com.wzy.loan.core.ServiceCoreApplication The following profiles are active: dev
2022-02-07 18:25:26 [INFO ] main StartupInfoLogger.java:61 com.wzy.loan.core.ServiceCoreApplication Started ServiceCoreApplication in 5.725 seconds (JVM running for 6.825)
2022-02-07 18:27:45 [ERROR] http-nio-8110-exec-3 UnifiedExceptionalHandler.java:75 com.wzy.common.exception.UnifiedExceptionalHandler Request method 'GET' not supported
org.springframework.web.HttpRequestMethodNotSupportedException: Request method 'GET' not supported
	at org.springframework.web.servlet.mvc.method.RequestMappingInfoHandlerMapping.handleNoMatch(RequestMappingInfoHandlerMapping.java:213)
	at org.springframework.web.servlet.handler.AbstractHandlerMethodMapping.lookupHandlerMethod(AbstractHandlerMethodMapping.java:422)
	at org.springframework.web.servlet.handler.AbstractHandlerMethodMapping.getHandlerInternal(AbstractHandlerMethodMapping.java:367)
	at org.springframework.web.servlet.mvc.method.RequestMappingInfoHandlerMapping.getHandlerInternal(RequestMappingInfoHandlerMapping.java:110)
	at org.springframework.web.servlet.mvc.method.RequestMappingInfoHandlerMapping.getHandlerInternal(RequestMappingInfoHandlerMapping.java:59)
	at org.springframework.web.servlet.handler.AbstractHandlerMapping.getHandler(AbstractHandlerMapping.java:396)
	at org.springframework.web.servlet.DispatcherServlet.getHandler(DispatcherServlet.java:1234)
	at org.springframework.web.servlet.DispatcherServlet.doDispatch(DispatcherServlet.java:1016)
	at org.springframework.web.servlet.DispatcherServlet.doService(DispatcherServlet.java:943)
	at org.springframework.web.servlet.FrameworkServlet.processRequest(FrameworkServlet.java:1006)
	at org.springframework.web.servlet.FrameworkServlet.doGet(FrameworkServlet.java:898)
	at javax.servlet.http.HttpServlet.service(HttpServlet.java:626)
	at org.springframework.web.servlet.FrameworkServlet.service(FrameworkServlet.java:883)
	at javax.servlet.http.HttpServlet.service(HttpServlet.java:733)
	at org.apache.catalina.core.ApplicationFilterChain.internalDoFilter(ApplicationFilterChain.java:231)
	at org.apache.catalina.core.ApplicationFilterChain.doFilter(ApplicationFilterChain.java:166)
	at org.apache.tomcat.websocket.server.WsFilter.doFilter(WsFilter.java:53)
	at org.apache.catalina.core.ApplicationFilterChain.internalDoFilter(ApplicationFilterChain.java:193)
	at org.apache.catalina.core.ApplicationFilterChain.doFilter(ApplicationFilterChain.java:166)
	at org.springframework.web.filter.RequestContextFilter.doFilterInternal(RequestContextFilter.java:100)
	at org.springframework.web.filter.OncePerRequestFilter.doFilter(OncePerRequestFilter.java:119)
	at org.apache.catalina.core.ApplicationFilterChain.internalDoFilter(ApplicationFilterChain.java:193)
	at org.apache.catalina.core.ApplicationFilterChain.doFilter(ApplicationFilterChain.java:166)
	at org.springframework.web.filter.FormContentFilter.doFilterInternal(FormContentFilter.java:93)
	at org.springframework.web.filter.OncePerRequestFilter.doFilter(OncePerRequestFilter.java:119)
	at org.apache.catalina.core.ApplicationFilterChain.internalDoFilter(ApplicationFilterChain.java:193)
	at org.apache.catalina.core.ApplicationFilterChain.doFilter(ApplicationFilterChain.java:166)
	at org.springframework.web.filter.CharacterEncodingFilter.doFilterInternal(CharacterEncodingFilter.java:201)
	at org.springframework.web.filter.OncePerRequestFilter.doFilter(OncePerRequestFilter.java:119)
	at org.apache.catalina.core.ApplicationFilterChain.internalDoFilter(ApplicationFilterChain.java:193)
	at org.apache.catalina.core.ApplicationFilterChain.doFilter(ApplicationFilterChain.java:166)
	at org.apache.catalina.core.StandardWrapperValve.invoke(StandardWrapperValve.java:202)
	at org.apache.catalina.core.StandardContextValve.invoke(StandardContextValve.java:97)
	at org.apache.catalina.authenticator.AuthenticatorBase.invoke(AuthenticatorBase.java:541)
	at org.apache.catalina.core.StandardHostValve.invoke(StandardHostValve.java:143)
	at org.apache.catalina.valves.ErrorReportValve.invoke(ErrorReportValve.java:92)
	at org.apache.catalina.core.StandardEngineValve.invoke(StandardEngineValve.java:78)
	at org.apache.catalina.connector.CoyoteAdapter.service(CoyoteAdapter.java:343)
	at org.apache.coyote.http11.Http11Processor.service(Http11Processor.java:374)
	at org.apache.coyote.AbstractProcessorLight.process(AbstractProcessorLight.java:65)
	at org.apache.coyote.AbstractProtocol$ConnectionHandler.process(AbstractProtocol.java:868)
	at org.apache.tomcat.util.net.NioEndpoint$SocketProcessor.doRun(NioEndpoint.java:1590)
	at org.apache.tomcat.util.net.SocketProcessorBase.run(SocketProcessorBase.java:49)
	at java.util.concurrent.ThreadPoolExecutor.runWorker(ThreadPoolExecutor.java:1149)
	at java.util.concurrent.ThreadPoolExecutor$Worker.run(ThreadPoolExecutor.java:624)
	at org.apache.tomcat.util.threads.TaskThread$WrappingRunnable.run(TaskThread.java:61)
	at java.lang.Thread.run(Thread.java:748)
2022-02-07 18:27:53 [ERROR] http-nio-8110-exec-5 UnifiedExceptionalHandler.java:75 com.wzy.common.exception.UnifiedExceptionalHandler Request method 'GET' not supported
org.springframework.web.HttpRequestMethodNotSupportedException: Request method 'GET' not supported
	at org.springframework.web.servlet.mvc.method.RequestMappingInfoHandlerMapping.handleNoMatch(RequestMappingInfoHandlerMapping.java:213)
	at org.springframework.web.servlet.handler.AbstractHandlerMethodMapping.lookupHandlerMethod(AbstractHandlerMethodMapping.java:422)
	at org.springframework.web.servlet.handler.AbstractHandlerMethodMapping.getHandlerInternal(AbstractHandlerMethodMapping.java:367)
	at org.springframework.web.servlet.mvc.method.RequestMappingInfoHandlerMapping.getHandlerInternal(RequestMappingInfoHandlerMapping.java:110)
	at org.springframework.web.servlet.mvc.method.RequestMappingInfoHandlerMapping.getHandlerInternal(RequestMappingInfoHandlerMapping.java:59)
	at org.springframework.web.servlet.handler.AbstractHandlerMapping.getHandler(AbstractHandlerMapping.java:396)
	at org.springframework.web.servlet.DispatcherServlet.getHandler(DispatcherServlet.java:1234)
	at org.springframework.web.servlet.DispatcherServlet.doDispatch(DispatcherServlet.java:1016)
	at org.springframework.web.servlet.DispatcherServlet.doService(DispatcherServlet.java:943)
	at org.springframework.web.servlet.FrameworkServlet.processRequest(FrameworkServlet.java:1006)
	at org.springframework.web.servlet.FrameworkServlet.doGet(FrameworkServlet.java:898)
	at javax.servlet.http.HttpServlet.service(HttpServlet.java:626)
	at org.springframework.web.servlet.FrameworkServlet.service(FrameworkServlet.java:883)
	at javax.servlet.http.HttpServlet.service(HttpServlet.java:733)
	at org.apache.catalina.core.ApplicationFilterChain.internalDoFilter(ApplicationFilterChain.java:231)
	at org.apache.catalina.core.ApplicationFilterChain.doFilter(ApplicationFilterChain.java:166)
	at org.apache.tomcat.websocket.server.WsFilter.doFilter(WsFilter.java:53)
	at org.apache.catalina.core.ApplicationFilterChain.internalDoFilter(ApplicationFilterChain.java:193)
	at org.apache.catalina.core.ApplicationFilterChain.doFilter(ApplicationFilterChain.java:166)
	at org.springframework.web.filter.RequestContextFilter.doFilterInternal(RequestContextFilter.java:100)
	at org.springframework.web.filter.OncePerRequestFilter.doFilter(OncePerRequestFilter.java:119)
	at org.apache.catalina.core.ApplicationFilterChain.internalDoFilter(ApplicationFilterChain.java:193)
	at org.apache.catalina.core.ApplicationFilterChain.doFilter(ApplicationFilterChain.java:166)
	at org.springframework.web.filter.FormContentFilter.doFilterInternal(FormContentFilter.java:93)
	at org.springframework.web.filter.OncePerRequestFilter.doFilter(OncePerRequestFilter.java:119)
	at org.apache.catalina.core.ApplicationFilterChain.internalDoFilter(ApplicationFilterChain.java:193)
	at org.apache.catalina.core.ApplicationFilterChain.doFilter(ApplicationFilterChain.java:166)
	at org.springframework.web.filter.CharacterEncodingFilter.doFilterInternal(CharacterEncodingFilter.java:201)
	at org.springframework.web.filter.OncePerRequestFilter.doFilter(OncePerRequestFilter.java:119)
	at org.apache.catalina.core.ApplicationFilterChain.internalDoFilter(ApplicationFilterChain.java:193)
	at org.apache.catalina.core.ApplicationFilterChain.doFilter(ApplicationFilterChain.java:166)
	at org.apache.catalina.core.StandardWrapperValve.invoke(StandardWrapperValve.java:202)
	at org.apache.catalina.core.StandardContextValve.invoke(StandardContextValve.java:97)
	at org.apache.catalina.authenticator.AuthenticatorBase.invoke(AuthenticatorBase.java:541)
	at org.apache.catalina.core.StandardHostValve.invoke(StandardHostValve.java:143)
	at org.apache.catalina.valves.ErrorReportValve.invoke(ErrorReportValve.java:92)
	at org.apache.catalina.core.StandardEngineValve.invoke(StandardEngineValve.java:78)
	at org.apache.catalina.connector.CoyoteAdapter.service(CoyoteAdapter.java:343)
	at org.apache.coyote.http11.Http11Processor.service(Http11Processor.java:374)
	at org.apache.coyote.AbstractProcessorLight.process(AbstractProcessorLight.java:65)
	at org.apache.coyote.AbstractProtocol$ConnectionHandler.process(AbstractProtocol.java:868)
	at org.apache.tomcat.util.net.NioEndpoint$SocketProcessor.doRun(NioEndpoint.java:1590)
	at org.apache.tomcat.util.net.SocketProcessorBase.run(SocketProcessorBase.java:49)
	at java.util.concurrent.ThreadPoolExecutor.runWorker(ThreadPoolExecutor.java:1149)
	at java.util.concurrent.ThreadPoolExecutor$Worker.run(ThreadPoolExecutor.java:624)
	at org.apache.tomcat.util.threads.TaskThread$WrappingRunnable.run(TaskThread.java:61)
	at java.lang.Thread.run(Thread.java:748)
2022-02-07 18:28:14 [INFO ] http-nio-8110-exec-6 Assert.java:77 com.wzy.common.exception.Assert not equals...............
2022-02-07 18:28:14 [ERROR] http-nio-8110-exec-6 UnifiedExceptionalHandler.java:50 com.wzy.common.exception.UnifiedExceptionalHandler 验证码错误
com.wzy.common.exception.BusinessException: 验证码错误
	at com.wzy.common.exception.Assert.equals(Assert.java:78)
	at com.wzy.loan.core.controller.api.UserInfoController.register(UserInfoController.java:47)
	at sun.reflect.NativeMethodAccessorImpl.invoke0(Native Method)
	at sun.reflect.NativeMethodAccessorImpl.invoke(NativeMethodAccessorImpl.java:62)
	at sun.reflect.DelegatingMethodAccessorImpl.invoke(DelegatingMethodAccessorImpl.java:43)
	at java.lang.reflect.Method.invoke(Method.java:498)
	at org.springframework.web.method.support.InvocableHandlerMethod.doInvoke(InvocableHandlerMethod.java:190)
	at org.springframework.web.method.support.InvocableHandlerMethod.invokeForRequest(InvocableHandlerMethod.java:138)
	at org.springframework.web.servlet.mvc.method.annotation.ServletInvocableHandlerMethod.invokeAndHandle(ServletInvocableHandlerMethod.java:105)
	at org.springframework.web.servlet.mvc.method.annotation.RequestMappingHandlerAdapter.invokeHandlerMethod(RequestMappingHandlerAdapter.java:878)
	at org.springframework.web.servlet.mvc.method.annotation.RequestMappingHandlerAdapter.handleInternal(RequestMappingHandlerAdapter.java:792)
	at org.springframework.web.servlet.mvc.method.AbstractHandlerMethodAdapter.handle(AbstractHandlerMethodAdapter.java:87)
	at org.springframework.web.servlet.DispatcherServlet.doDispatch(DispatcherServlet.java:1040)
	at org.springframework.web.servlet.DispatcherServlet.doService(DispatcherServlet.java:943)
	at org.springframework.web.servlet.FrameworkServlet.processRequest(FrameworkServlet.java:1006)
	at org.springframework.web.servlet.FrameworkServlet.doPost(FrameworkServlet.java:909)
	at javax.servlet.http.HttpServlet.service(HttpServlet.java:652)
	at org.springframework.web.servlet.FrameworkServlet.service(FrameworkServlet.java:883)
	at javax.servlet.http.HttpServlet.service(HttpServlet.java:733)
	at org.apache.catalina.core.ApplicationFilterChain.internalDoFilter(ApplicationFilterChain.java:231)
	at org.apache.catalina.core.ApplicationFilterChain.doFilter(ApplicationFilterChain.java:166)
	at org.apache.tomcat.websocket.server.WsFilter.doFilter(WsFilter.java:53)
	at org.apache.catalina.core.ApplicationFilterChain.internalDoFilter(ApplicationFilterChain.java:193)
	at org.apache.catalina.core.ApplicationFilterChain.doFilter(ApplicationFilterChain.java:166)
	at org.springframework.web.filter.RequestContextFilter.doFilterInternal(RequestContextFilter.java:100)
	at org.springframework.web.filter.OncePerRequestFilter.doFilter(OncePerRequestFilter.java:119)
	at org.apache.catalina.core.ApplicationFilterChain.internalDoFilter(ApplicationFilterChain.java:193)
	at org.apache.catalina.core.ApplicationFilterChain.doFilter(ApplicationFilterChain.java:166)
	at org.springframework.web.filter.FormContentFilter.doFilterInternal(FormContentFilter.java:93)
	at org.springframework.web.filter.OncePerRequestFilter.doFilter(OncePerRequestFilter.java:119)
	at org.apache.catalina.core.ApplicationFilterChain.internalDoFilter(ApplicationFilterChain.java:193)
	at org.apache.catalina.core.ApplicationFilterChain.doFilter(ApplicationFilterChain.java:166)
	at org.springframework.web.filter.CharacterEncodingFilter.doFilterInternal(CharacterEncodingFilter.java:201)
	at org.springframework.web.filter.OncePerRequestFilter.doFilter(OncePerRequestFilter.java:119)
	at org.apache.catalina.core.ApplicationFilterChain.internalDoFilter(ApplicationFilterChain.java:193)
	at org.apache.catalina.core.ApplicationFilterChain.doFilter(ApplicationFilterChain.java:166)
	at org.apache.catalina.core.StandardWrapperValve.invoke(StandardWrapperValve.java:202)
	at org.apache.catalina.core.StandardContextValve.invoke(StandardContextValve.java:97)
	at org.apache.catalina.authenticator.AuthenticatorBase.invoke(AuthenticatorBase.java:541)
	at org.apache.catalina.core.StandardHostValve.invoke(StandardHostValve.java:143)
	at org.apache.catalina.valves.ErrorReportValve.invoke(ErrorReportValve.java:92)
	at org.apache.catalina.core.StandardEngineValve.invoke(StandardEngineValve.java:78)
	at org.apache.catalina.connector.CoyoteAdapter.service(CoyoteAdapter.java:343)
	at org.apache.coyote.http11.Http11Processor.service(Http11Processor.java:374)
	at org.apache.coyote.AbstractProcessorLight.process(AbstractProcessorLight.java:65)
	at org.apache.coyote.AbstractProtocol$ConnectionHandler.process(AbstractProtocol.java:868)
	at org.apache.tomcat.util.net.NioEndpoint$SocketProcessor.doRun(NioEndpoint.java:1590)
	at org.apache.tomcat.util.net.SocketProcessorBase.run(SocketProcessorBase.java:49)
	at java.util.concurrent.ThreadPoolExecutor.runWorker(ThreadPoolExecutor.java:1149)
	at java.util.concurrent.ThreadPoolExecutor$Worker.run(ThreadPoolExecutor.java:624)
	at org.apache.tomcat.util.threads.TaskThread$WrappingRunnable.run(TaskThread.java:61)
	at java.lang.Thread.run(Thread.java:748)
2022-02-07 18:34:15 [INFO ] main StartupInfoLogger.java:55 com.wzy.loan.core.ServiceCoreApplication Starting ServiceCoreApplication on DESKTOP-ST9KEV1 with PID 10692 (D:\workspace\loanProject\service-core\target\classes started by wzy家 in D:\workspace\loanProject)
2022-02-07 18:34:15 [INFO ] main SpringApplication.java:655 com.wzy.loan.core.ServiceCoreApplication The following profiles are active: dev
2022-02-07 18:34:20 [INFO ] main StartupInfoLogger.java:61 com.wzy.loan.core.ServiceCoreApplication Started ServiceCoreApplication in 5.43 seconds (JVM running for 6.586)
2022-02-07 18:37:31 [INFO ] main StartupInfoLogger.java:55 com.wzy.loan.core.ServiceCoreApplication Starting ServiceCoreApplication on DESKTOP-ST9KEV1 with PID 17984 (D:\workspace\loanProject\service-core\target\classes started by wzy家 in D:\workspace\loanProject)
2022-02-07 18:37:31 [INFO ] main SpringApplication.java:655 com.wzy.loan.core.ServiceCoreApplication The following profiles are active: dev
2022-02-07 18:37:35 [INFO ] main StartupInfoLogger.java:61 com.wzy.loan.core.ServiceCoreApplication Started ServiceCoreApplication in 5.33 seconds (JVM running for 6.447)
2022-02-07 18:42:07 [INFO ] main StartupInfoLogger.java:55 com.wzy.loan.core.ServiceCoreApplication Starting ServiceCoreApplication on DESKTOP-ST9KEV1 with PID 5536 (D:\workspace\loanProject\service-core\target\classes started by wzy家 in D:\workspace\loanProject)
2022-02-07 18:42:07 [INFO ] main SpringApplication.java:655 com.wzy.loan.core.ServiceCoreApplication The following profiles are active: dev
2022-02-07 18:42:11 [INFO ] main StartupInfoLogger.java:61 com.wzy.loan.core.ServiceCoreApplication Started ServiceCoreApplication in 5.151 seconds (JVM running for 6.218)
2022-02-07 18:48:22 [INFO ] main StartupInfoLogger.java:55 com.wzy.loan.core.ServiceCoreApplication Starting ServiceCoreApplication on DESKTOP-ST9KEV1 with PID 18192 (D:\workspace\loanProject\service-core\target\classes started by wzy家 in D:\workspace\loanProject)
2022-02-07 18:48:22 [INFO ] main SpringApplication.java:655 com.wzy.loan.core.ServiceCoreApplication The following profiles are active: dev
2022-02-07 18:48:27 [INFO ] main StartupInfoLogger.java:61 com.wzy.loan.core.ServiceCoreApplication Started ServiceCoreApplication in 5.272 seconds (JVM running for 6.346)
2022-02-07 18:52:25 [INFO ] main StartupInfoLogger.java:55 com.wzy.loan.core.ServiceCoreApplication Starting ServiceCoreApplication on DESKTOP-ST9KEV1 with PID 2068 (D:\workspace\loanProject\service-core\target\classes started by wzy家 in D:\workspace\loanProject)
2022-02-07 18:52:25 [INFO ] main SpringApplication.java:655 com.wzy.loan.core.ServiceCoreApplication The following profiles are active: dev
2022-02-07 18:52:30 [INFO ] main StartupInfoLogger.java:61 com.wzy.loan.core.ServiceCoreApplication Started ServiceCoreApplication in 5.65 seconds (JVM running for 6.796)
2022-02-07 19:04:36 [INFO ] main StartupInfoLogger.java:55 com.wzy.loan.core.ServiceCoreApplication Starting ServiceCoreApplication on DESKTOP-ST9KEV1 with PID 10752 (D:\workspace\loanProject\service-core\target\classes started by wzy家 in D:\workspace\loanProject)
2022-02-07 19:04:36 [INFO ] main SpringApplication.java:655 com.wzy.loan.core.ServiceCoreApplication The following profiles are active: dev
2022-02-07 19:04:41 [INFO ] main StartupInfoLogger.java:61 com.wzy.loan.core.ServiceCoreApplication Started ServiceCoreApplication in 6.235 seconds (JVM running for 7.626)
2022-02-07 19:46:14 [INFO ] main StartupInfoLogger.java:55 com.wzy.loan.core.ServiceCoreApplication Starting ServiceCoreApplication on DESKTOP-ST9KEV1 with PID 17608 (D:\workspace\loanProject\service-core\target\classes started by wzy家 in D:\workspace\loanProject)
2022-02-07 19:46:14 [INFO ] main SpringApplication.java:655 com.wzy.loan.core.ServiceCoreApplication The following profiles are active: dev
2022-02-07 19:46:55 [INFO ] main StartupInfoLogger.java:55 com.wzy.loan.core.ServiceCoreApplication Starting ServiceCoreApplication on DESKTOP-ST9KEV1 with PID 15224 (D:\workspace\loanProject\service-core\target\classes started by wzy家 in D:\workspace\loanProject)
2022-02-07 19:46:55 [INFO ] main SpringApplication.java:655 com.wzy.loan.core.ServiceCoreApplication The following profiles are active: dev
2022-02-07 19:47:49 [INFO ] main StartupInfoLogger.java:55 com.wzy.loan.core.ServiceCoreApplication Starting ServiceCoreApplication on DESKTOP-ST9KEV1 with PID 15332 (D:\workspace\loanProject\service-core\target\classes started by wzy家 in D:\workspace\loanProject)
2022-02-07 19:47:49 [INFO ] main SpringApplication.java:655 com.wzy.loan.core.ServiceCoreApplication The following profiles are active: dev
2022-02-07 19:48:22 [INFO ] main StartupInfoLogger.java:55 com.wzy.loan.core.ServiceCoreApplication Starting ServiceCoreApplication on DESKTOP-ST9KEV1 with PID 14120 (D:\workspace\loanProject\service-core\target\classes started by wzy家 in D:\workspace\loanProject)
2022-02-07 19:48:22 [INFO ] main SpringApplication.java:655 com.wzy.loan.core.ServiceCoreApplication The following profiles are active: dev
2022-02-07 19:48:26 [INFO ] main StartupInfoLogger.java:61 com.wzy.loan.core.ServiceCoreApplication Started ServiceCoreApplication in 5.522 seconds (JVM running for 6.617)
2022-02-07 22:24:32 [INFO ] http-nio-8110-exec-8 Assert.java:22 com.wzy.common.exception.Assert obj is null...............
2022-02-07 22:24:32 [ERROR] http-nio-8110-exec-8 UnifiedExceptionalHandler.java:50 com.wzy.common.exception.UnifiedExceptionalHandler 用户不存在
com.wzy.common.exception.BusinessException: 用户不存在
	at com.wzy.common.exception.Assert.notNull(Assert.java:23)
	at com.wzy.loan.core.service.impl.UserInfoServiceImpl.login(UserInfoServiceImpl.java:89)
	at sun.reflect.NativeMethodAccessorImpl.invoke0(Native Method)
	at sun.reflect.NativeMethodAccessorImpl.invoke(NativeMethodAccessorImpl.java:62)
	at sun.reflect.DelegatingMethodAccessorImpl.invoke(DelegatingMethodAccessorImpl.java:43)
	at java.lang.reflect.Method.invoke(Method.java:498)
	at org.springframework.aop.support.AopUtils.invokeJoinpointUsingReflection(AopUtils.java:344)
	at org.springframework.aop.framework.JdkDynamicAopProxy.invoke(JdkDynamicAopProxy.java:205)
	at com.sun.proxy.$Proxy92.login(Unknown Source)
	at com.wzy.loan.core.controller.api.UserInfoController.register(UserInfoController.java:90)
	at sun.reflect.NativeMethodAccessorImpl.invoke0(Native Method)
	at sun.reflect.NativeMethodAccessorImpl.invoke(NativeMethodAccessorImpl.java:62)
	at sun.reflect.DelegatingMethodAccessorImpl.invoke(DelegatingMethodAccessorImpl.java:43)
	at java.lang.reflect.Method.invoke(Method.java:498)
	at org.springframework.web.method.support.InvocableHandlerMethod.doInvoke(InvocableHandlerMethod.java:190)
	at org.springframework.web.method.support.InvocableHandlerMethod.invokeForRequest(InvocableHandlerMethod.java:138)
	at org.springframework.web.servlet.mvc.method.annotation.ServletInvocableHandlerMethod.invokeAndHandle(ServletInvocableHandlerMethod.java:105)
	at org.springframework.web.servlet.mvc.method.annotation.RequestMappingHandlerAdapter.invokeHandlerMethod(RequestMappingHandlerAdapter.java:878)
	at org.springframework.web.servlet.mvc.method.annotation.RequestMappingHandlerAdapter.handleInternal(RequestMappingHandlerAdapter.java:792)
	at org.springframework.web.servlet.mvc.method.AbstractHandlerMethodAdapter.handle(AbstractHandlerMethodAdapter.java:87)
	at org.springframework.web.servlet.DispatcherServlet.doDispatch(DispatcherServlet.java:1040)
	at org.springframework.web.servlet.DispatcherServlet.doService(DispatcherServlet.java:943)
	at org.springframework.web.servlet.FrameworkServlet.processRequest(FrameworkServlet.java:1006)
	at org.springframework.web.servlet.FrameworkServlet.doPost(FrameworkServlet.java:909)
	at javax.servlet.http.HttpServlet.service(HttpServlet.java:652)
	at org.springframework.web.servlet.FrameworkServlet.service(FrameworkServlet.java:883)
	at javax.servlet.http.HttpServlet.service(HttpServlet.java:733)
	at org.apache.catalina.core.ApplicationFilterChain.internalDoFilter(ApplicationFilterChain.java:231)
	at org.apache.catalina.core.ApplicationFilterChain.doFilter(ApplicationFilterChain.java:166)
	at org.apache.tomcat.websocket.server.WsFilter.doFilter(WsFilter.java:53)
	at org.apache.catalina.core.ApplicationFilterChain.internalDoFilter(ApplicationFilterChain.java:193)
	at org.apache.catalina.core.ApplicationFilterChain.doFilter(ApplicationFilterChain.java:166)
	at org.springframework.web.filter.RequestContextFilter.doFilterInternal(RequestContextFilter.java:100)
	at org.springframework.web.filter.OncePerRequestFilter.doFilter(OncePerRequestFilter.java:119)
	at org.apache.catalina.core.ApplicationFilterChain.internalDoFilter(ApplicationFilterChain.java:193)
	at org.apache.catalina.core.ApplicationFilterChain.doFilter(ApplicationFilterChain.java:166)
	at org.springframework.web.filter.FormContentFilter.doFilterInternal(FormContentFilter.java:93)
	at org.springframework.web.filter.OncePerRequestFilter.doFilter(OncePerRequestFilter.java:119)
	at org.apache.catalina.core.ApplicationFilterChain.internalDoFilter(ApplicationFilterChain.java:193)
	at org.apache.catalina.core.ApplicationFilterChain.doFilter(ApplicationFilterChain.java:166)
	at org.springframework.web.filter.CharacterEncodingFilter.doFilterInternal(CharacterEncodingFilter.java:201)
	at org.springframework.web.filter.OncePerRequestFilter.doFilter(OncePerRequestFilter.java:119)
	at org.apache.catalina.core.ApplicationFilterChain.internalDoFilter(ApplicationFilterChain.java:193)
	at org.apache.catalina.core.ApplicationFilterChain.doFilter(ApplicationFilterChain.java:166)
	at org.apache.catalina.core.StandardWrapperValve.invoke(StandardWrapperValve.java:202)
	at org.apache.catalina.core.StandardContextValve.invoke(StandardContextValve.java:97)
	at org.apache.catalina.authenticator.AuthenticatorBase.invoke(AuthenticatorBase.java:541)
	at org.apache.catalina.core.StandardHostValve.invoke(StandardHostValve.java:143)
	at org.apache.catalina.valves.ErrorReportValve.invoke(ErrorReportValve.java:92)
	at org.apache.catalina.core.StandardEngineValve.invoke(StandardEngineValve.java:78)
	at org.apache.catalina.connector.CoyoteAdapter.service(CoyoteAdapter.java:343)
	at org.apache.coyote.http11.Http11Processor.service(Http11Processor.java:374)
	at org.apache.coyote.AbstractProcessorLight.process(AbstractProcessorLight.java:65)
	at org.apache.coyote.AbstractProtocol$ConnectionHandler.process(AbstractProtocol.java:868)
	at org.apache.tomcat.util.net.NioEndpoint$SocketProcessor.doRun(NioEndpoint.java:1590)
	at org.apache.tomcat.util.net.SocketProcessorBase.run(SocketProcessorBase.java:49)
	at java.util.concurrent.ThreadPoolExecutor.runWorker(ThreadPoolExecutor.java:1149)
	at java.util.concurrent.ThreadPoolExecutor$Worker.run(ThreadPoolExecutor.java:624)
	at org.apache.tomcat.util.threads.TaskThread$WrappingRunnable.run(TaskThread.java:61)
	at java.lang.Thread.run(Thread.java:748)
2022-02-07 23:17:39 [INFO ] main StartupInfoLogger.java:55 com.wzy.loan.core.ServiceCoreApplication Starting ServiceCoreApplication on DESKTOP-ST9KEV1 with PID 3132 (D:\workspace\loanProject\service-core\target\classes started by wzy家 in D:\workspace\loanProject)
2022-02-07 23:17:39 [INFO ] main SpringApplication.java:655 com.wzy.loan.core.ServiceCoreApplication The following profiles are active: dev
2022-02-07 23:17:43 [INFO ] main StartupInfoLogger.java:61 com.wzy.loan.core.ServiceCoreApplication Started ServiceCoreApplication in 5.182 seconds (JVM running for 6.283)
2022-02-07 23:22:16 [INFO ] main StartupInfoLogger.java:55 com.wzy.loan.core.ServiceCoreApplication Starting ServiceCoreApplication on DESKTOP-ST9KEV1 with PID 13796 (D:\workspace\loanProject\service-core\target\classes started by wzy家 in D:\workspace\loanProject)
2022-02-07 23:22:16 [INFO ] main SpringApplication.java:655 com.wzy.loan.core.ServiceCoreApplication The following profiles are active: dev
2022-02-07 23:22:21 [INFO ] main StartupInfoLogger.java:61 com.wzy.loan.core.ServiceCoreApplication Started ServiceCoreApplication in 5.605 seconds (JVM running for 6.646)
2022-02-07 23:43:32 [INFO ] main StartupInfoLogger.java:55 com.wzy.loan.core.ServiceCoreApplication Starting ServiceCoreApplication on DESKTOP-ST9KEV1 with PID 17836 (D:\workspace\loanProject\service-core\target\classes started by wzy家 in D:\workspace\loanProject)
2022-02-07 23:43:32 [INFO ] main SpringApplication.java:655 com.wzy.loan.core.ServiceCoreApplication The following profiles are active: dev
